#
# A fatal error has been detected by the Java Runtime Environment:
#
#  EXCEPTION_ACCESS_VIOLATION (0xc0000005) at pc=0x0000000070cf3b57, pid=8656, tid=0x000000000000388c
#
# JRE version: Java(TM) SE Runtime Environment (8.0_121-b13) (build 1.8.0_121-b13)
# Java VM: Java HotSpot(TM) 64-Bit Server VM (25.121-b13 mixed mode windows-amd64 compressed oops)
# Problematic frame:
# V  [jvm.dll+0x213b57]
#
# Failed to write core dump. Minidumps are not enabled by default on client versions of Windows
#
# If you would like to submit a bug report, please visit:
#   http://bugreport.java.com/bugreport/crash.jsp
#

---------------  T H R E A D  ---------------

Current thread (0x000000002067b000):  JavaThread "RMI TCP Accept-0" daemon [_thread_in_vm, id=14476, stack(0x0000000020c50000,0x0000000020d50000)]

siginfo: ExceptionCode=0xc0000005, writing address 0x0000000020d43ff0

Registers:
RAX=0x0000000020d43ff0, RBX=0x0000000000000007, RCX=0x0000000000006000, RDX=0x000000000000001c
RSP=0x0000000020d49ff0, RBP=0x0000000000000000, RSI=0x0000000020d49ff0, RDI=0x0000000000000007
R8 =0x000000000000001c, R9 =0x00000000205ae420, R10=0x000000001dc7a0f0, R11=0x0000000020c5a158
R12=0x00000000205ae420, R13=0x000000002067b000, R14=0x0000000020d4a120, R15=0x000000001dc7a0f0
RIP=0x0000000070cf3b57, EFLAGS=0x0000000000010206

Top of Stack: (sp=0x0000000020d49ff0)
0x0000000020d49ff0:   0000000000000000 0000000000000010
0x0000000020d4a000:   000000002067b000 00000000205ae420
0x0000000020d4a010:   00000000ffffffff 0000000070cf4a87
0x0000000020d4a020:   0000000020d4a120 000000001dc7a0f0
0x0000000020d4a030:   000000002067b000 0000000000000003
0x0000000020d4a040:   0000000000000000 0000000070cf7295
0x0000000020d4a050:   000000001fae83d0 00000000000000a0
0x0000000020d4a060:   000000001dc7a0f0 000000002067b000
0x0000000020d4a070:   0000000002f76e60 0000000071cea3d3
0x0000000020d4a080:   0000000000000000 00000000000000a0
0x0000000020d4a090:   00000000553b2099 0000000070c25902
0x0000000020d4a0a0:   000000002067b000 000000001dc7a0f0
0x0000000020d4a0b0:   000000002067b000 000000001fa99600
0x0000000020d4a0c0:   000000002067b1f8 0000000071ce2064
0x0000000020d4a0d0:   0000000020d4a268 0000000020d4a580
0x0000000020d4a0e0:   0000000000000030 000000002067b1f8 

Instructions: (pc=0x0000000070cf3b57)
0x0000000070cf3b37:   48 89 6c 24 30 33 ed 66 90 e8 2b 3b 08 00 ff c3
0x0000000070cf3b47:   48 63 c8 48 8b c6 48 0f af cf 48 ff c7 48 2b c1
0x0000000070cf3b57:   89 28 48 63 c3 48 3b 05 75 1b 59 00 7e db 48 8b
0x0000000070cf3b67:   6c 24 30 48 8b 5c 24 38 48 8b 74 24 40 48 83 c4 


Register to memory mapping:

RAX=0x0000000020d43ff0 is pointing into the stack for thread: 0x000000002067b000
RBX=0x0000000000000007 is an unknown value
RCX=0x0000000000006000 is an unknown value
RDX=0x000000000000001c is an unknown value
RSP=0x0000000020d49ff0 is pointing into the stack for thread: 0x000000002067b000
RBP=0x0000000000000000 is an unknown value
RSI=0x0000000020d49ff0 is pointing into the stack for thread: 0x000000002067b000
RDI=0x0000000000000007 is an unknown value
R8 =0x000000000000001c is an unknown value
R9 =0x00000000205ae420 is an unknown value
R10={method} {0x000000001dc7a0f8} 'register' '(Ljava/lang/Object;)V' in 'java/lang/ref/Finalizer'
R11=0x0000000020c5a158 is pointing into the stack for thread: 0x000000002067b000
R12=0x00000000205ae420 is an unknown value
R13=0x000000002067b000 is a thread
R14=0x0000000020d4a120 is pointing into the stack for thread: 0x000000002067b000
R15={method} {0x000000001dc7a0f8} 'register' '(Ljava/lang/Object;)V' in 'java/lang/ref/Finalizer'


Stack: [0x0000000020c50000,0x0000000020d50000],  sp=0x0000000020d49ff0,  free space=999k
Native frames: (J=compiled Java code, j=interpreted, Vv=VM code, C=native code)

Java frames: (J=compiled Java code, j=interpreted, Vv=VM code)
v  ~RuntimeStub::register_finalizer Runtime1 stub
J 682 C1 java.util.zip.ZipFile$ZipFileInputStream.<init>(Ljava/util/zip/ZipFile;J)V (41 bytes) @ 0x000000000315695e [0x0000000003156900+0x5e]
J 586 C1 java.util.zip.ZipFile.getInputStream(Ljava/util/zip/ZipEntry;)Ljava/io/InputStream; (304 bytes) @ 0x0000000003125cf4 [0x0000000003125aa0+0x254]
J 747 C1 java.util.jar.JarFile.getInputStream(Ljava/util/zip/ZipEntry;)Ljava/io/InputStream; (89 bytes) @ 0x000000000316a6d4 [0x000000000316a3a0+0x334]
J 980 C1 sun.misc.URLClassPath$JarLoader$2.getInputStream()Ljava/io/InputStream; (15 bytes) @ 0x00000000031bcb14 [0x00000000031bcac0+0x54]
J 775 C1 java.net.URLClassLoader.defineClass(Ljava/lang/String;Lsun/misc/Resource;)Ljava/lang/Class; (142 bytes) @ 0x0000000003177284 [0x0000000003177080+0x204]
J 702 C1 java.net.URLClassLoader$1.run()Ljava/lang/Class; (63 bytes) @ 0x000000000315d7cc [0x000000000315d700+0xcc]
J 701 C1 java.net.URLClassLoader$1.run()Ljava/lang/Object; (5 bytes) @ 0x000000000315d3d4 [0x000000000315d3a0+0x34]
v  ~StubRoutines::call_stub
J 581  java.security.AccessController.doPrivileged(Ljava/security/PrivilegedExceptionAction;Ljava/security/AccessControlContext;)Ljava/lang/Object; (0 bytes) @ 0x00000000031246e6 [0x0000000003124680+0x66]
J 656 C1 java.net.URLClassLoader.findClass(Ljava/lang/String;)Ljava/lang/Class; (47 bytes) @ 0x000000000314c6c4 [0x000000000314c600+0xc4]
J 5272 C1 java.lang.ClassLoader.loadClass(Ljava/lang/String;Z)Ljava/lang/Class; (122 bytes) @ 0x00000000039261f4 [0x0000000003925ee0+0x314]
J 620 C1 sun.misc.Launcher$AppClassLoader.loadClass(Ljava/lang/String;Z)Ljava/lang/Class; (85 bytes) @ 0x000000000313bed4 [0x000000000313bbe0+0x2f4]
J 619 C1 java.lang.ClassLoader.loadClass(Ljava/lang/String;)Ljava/lang/Class; (7 bytes) @ 0x000000000313b8a4 [0x000000000313b860+0x44]
v  ~StubRoutines::call_stub
J 834  java.lang.ClassLoader.defineClass1(Ljava/lang/String;[BIILjava/security/ProtectionDomain;Ljava/lang/String;)Ljava/lang/Class; (0 bytes) @ 0x000000000318fb9f [0x000000000318fb00+0x9f]
J 769 C1 java.lang.ClassLoader.defineClass(Ljava/lang/String;[BIILjava/security/ProtectionDomain;)Ljava/lang/Class; (43 bytes) @ 0x0000000003173fec [0x0000000003173ee0+0x10c]
J 775 C1 java.net.URLClassLoader.defineClass(Ljava/lang/String;Lsun/misc/Resource;)Ljava/lang/Class; (142 bytes) @ 0x0000000003177a64 [0x0000000003177080+0x9e4]
J 702 C1 java.net.URLClassLoader$1.run()Ljava/lang/Class; (63 bytes) @ 0x000000000315d7cc [0x000000000315d700+0xcc]
J 701 C1 java.net.URLClassLoader$1.run()Ljava/lang/Object; (5 bytes) @ 0x000000000315d3d4 [0x000000000315d3a0+0x34]
v  ~StubRoutines::call_stub
J 581  java.security.AccessController.doPrivileged(Ljava/security/PrivilegedExceptionAction;Ljava/security/AccessControlContext;)Ljava/lang/Object; (0 bytes) @ 0x00000000031246e6 [0x0000000003124680+0x66]
J 656 C1 java.net.URLClassLoader.findClass(Ljava/lang/String;)Ljava/lang/Class; (47 bytes) @ 0x000000000314c6c4 [0x000000000314c600+0xc4]
J 5272 C1 java.lang.ClassLoader.loadClass(Ljava/lang/String;Z)Ljava/lang/Class; (122 bytes) @ 0x00000000039261f4 [0x0000000003925ee0+0x314]
J 620 C1 sun.misc.Launcher$AppClassLoader.loadClass(Ljava/lang/String;Z)Ljava/lang/Class; (85 bytes) @ 0x000000000313bed4 [0x000000000313bbe0+0x2f4]
J 619 C1 java.lang.ClassLoader.loadClass(Ljava/lang/String;)Ljava/lang/Class; (7 bytes) @ 0x000000000313b8a4 [0x000000000313b860+0x44]
v  ~StubRoutines::call_stub
j  ch.qos.logback.classic.spi.LoggingEvent.<init>(Ljava/lang/String;Lch/qos/logback/classic/Logger;Lch/qos/logback/classic/Level;Ljava/lang/String;Ljava/lang/Throwable;[Ljava/lang/Object;)V+72
j  ch.qos.logback.classic.Logger.buildLoggingEventAndAppend(Ljava/lang/String;Lorg/slf4j/Marker;Lch/qos/logback/classic/Level;Ljava/lang/String;[Ljava/lang/Object;Ljava/lang/Throwable;)V+13
j  ch.qos.logback.classic.Logger.filterAndLog_0_Or3Plus(Ljava/lang/String;Lorg/slf4j/Marker;Lch/qos/logback/classic/Level;Ljava/lang/String;[Ljava/lang/Object;Ljava/lang/Throwable;)V+57
j  ch.qos.logback.classic.Logger.log(Lorg/slf4j/Marker;Ljava/lang/String;ILjava/lang/String;[Ljava/lang/Object;Ljava/lang/Throwable;)V+17
j  org.slf4j.bridge.SLF4JBridgeHandler.callLocationAwareLogger(Lorg/slf4j/spi/LocationAwareLogger;Ljava/util/logging/LogRecord;)V+88
j  org.slf4j.bridge.SLF4JBridgeHandler.publish(Ljava/util/logging/LogRecord;)V+36
j  java.util.logging.Logger.log(Ljava/util/logging/LogRecord;)V+87
j  java.util.logging.Logger.doLog(Ljava/util/logging/LogRecord;)V+46
j  java.util.logging.Logger.logp(Ljava/util/logging/Level;Ljava/lang/String;Ljava/lang/String;Ljava/lang/String;Ljava/lang/Throwable;)V+43
j  sun.rmi.runtime.Log$LoggerLog.log(Ljava/util/logging/Level;Ljava/lang/String;Ljava/lang/Throwable;)V+55
j  sun.rmi.transport.tcp.TCPTransport$AcceptLoop.executeAcceptLoop()V+207
j  sun.rmi.transport.tcp.TCPTransport$AcceptLoop.run()V+1
j  java.lang.Thread.run()V+11
v  ~StubRoutines::call_stub

---------------  P R O C E S S  ---------------

Java Threads: ( => current thread )
  0x000000002462f000 JavaThread "DestroyJavaVM" [_thread_blocked, id=6980, stack(0x0000000002ab0000,0x0000000002bb0000)]
  0x00000000244bf800 JavaThread "com.alibaba.nacos.client.naming.updater" daemon [_thread_blocked, id=16372, stack(0x00000000288f0000,0x00000000289f0000)]
  0x00000000244c0800 JavaThread "http-nio-8150-Acceptor" daemon [_thread_in_native, id=12588, stack(0x00000000285f0000,0x00000000286f0000)]
  0x00000000244c3800 JavaThread "http-nio-8150-ClientPoller" daemon [_thread_in_native, id=10660, stack(0x00000000284f0000,0x00000000285f0000)]
  0x00000000244c6800 JavaThread "http-nio-8150-exec-10" daemon [_thread_blocked, id=6856, stack(0x00000000283f0000,0x00000000284f0000)]
  0x00000000244c1000 JavaThread "http-nio-8150-exec-9" daemon [_thread_blocked, id=15508, stack(0x00000000282f0000,0x00000000283f0000)]
  0x00000000244c5800 JavaThread "http-nio-8150-exec-8" daemon [_thread_blocked, id=9588, stack(0x00000000281f0000,0x00000000282f0000)]
  0x00000000244c2000 JavaThread "http-nio-8150-exec-7" daemon [_thread_blocked, id=9792, stack(0x00000000280f0000,0x00000000281f0000)]
  0x00000000244c4000 JavaThread "http-nio-8150-exec-6" daemon [_thread_blocked, id=16404, stack(0x0000000027ff0000,0x00000000280f0000)]
  0x00000000244c5000 JavaThread "http-nio-8150-exec-5" daemon [_thread_blocked, id=12344, stack(0x0000000027ef0000,0x0000000027ff0000)]
  0x00000000244c2800 JavaThread "http-nio-8150-exec-4" daemon [_thread_blocked, id=17820, stack(0x0000000027df0000,0x0000000027ef0000)]
  0x00000000244b8000 JavaThread "http-nio-8150-exec-3" daemon [_thread_blocked, id=17356, stack(0x0000000027cf0000,0x0000000027df0000)]
  0x00000000244bf000 JavaThread "http-nio-8150-exec-2" daemon [_thread_blocked, id=8636, stack(0x0000000027bf0000,0x0000000027cf0000)]
  0x00000000244be000 JavaThread "http-nio-8150-exec-1" daemon [_thread_blocked, id=4464, stack(0x0000000027af0000,0x0000000027bf0000)]
  0x00000000244bd800 JavaThread "http-nio-8150-BlockPoller" daemon [_thread_in_native, id=2620, stack(0x00000000279f0000,0x0000000027af0000)]
  0x00000000244b9000 JavaThread "com.alibaba.nacos.client.naming.updater" daemon [_thread_blocked, id=2016, stack(0x00000000278f0000,0x00000000279f0000)]
  0x00000000244bc000 JavaThread "Keep-Alive-Timer" daemon [_thread_blocked, id=5832, stack(0x00000000276f0000,0x00000000277f0000)]
  0x00000000244b9800 JavaThread "ThreadPoolTaskScheduler-1" [_thread_blocked, id=13140, stack(0x00000000275f0000,0x00000000276f0000)]
  0x00000000244b7800 JavaThread "com.alibaba.nacos.naming.push.receiver" daemon [_thread_in_native, id=10988, stack(0x0000000026df0000,0x0000000026ef0000)]
  0x00000000244ba800 JavaThread "com.alibaba.nacos.naming.failover" daemon [_thread_blocked, id=2680, stack(0x0000000026cf0000,0x0000000026df0000)]
  0x00000000244bc800 JavaThread "com.alibaba.nacos.naming.beat.sender" daemon [_thread_blocked, id=5220, stack(0x0000000026bf0000,0x0000000026cf0000)]
  0x00000000244bb000 JavaThread "com.alibaba.nacos.naming.beat.sender" daemon [_thread_blocked, id=2904, stack(0x0000000026af0000,0x0000000026bf0000)]
  0x0000000024630800 JavaThread "com.alibaba.nacos.naming.client.listener" daemon [_thread_blocked, id=10220, stack(0x00000000269f0000,0x0000000026af0000)]
  0x0000000024630000 JavaThread "Timer-0" daemon [_thread_blocked, id=16408, stack(0x00000000268f0000,0x00000000269f0000)]
  0x0000000024631800 JavaThread "logback-1" daemon [_thread_blocked, id=5064, stack(0x00000000267f0000,0x00000000268f0000)]
  0x000000002462e800 JavaThread "spring.cloud.inetutils" daemon [_thread_blocked, id=12632, stack(0x00000000266f0000,0x00000000267f0000)]
  0x0000000024673000 JavaThread "ForkJoinPool.commonPool-worker-1" daemon [_thread_blocked, id=16512, stack(0x00000000258f0000,0x00000000259f0000)]
  0x000000002447a800 JavaThread "HikariPool-1 housekeeper" daemon [_thread_blocked, id=17608, stack(0x00000000253f0000,0x00000000254f0000)]
  0x000000002215c800 JavaThread "mysql-cj-abandoned-connection-cleanup" daemon [_thread_blocked, id=18052, stack(0x0000000024220000,0x0000000024320000)]
  0x00000000205f6000 JavaThread "container-0" [_thread_blocked, id=3396, stack(0x0000000023f20000,0x0000000024020000)]
  0x00000000205f5000 JavaThread "Catalina-utility-2" [_thread_blocked, id=14712, stack(0x0000000023e20000,0x0000000023f20000)]
  0x00000000205f4800 JavaThread "Catalina-utility-1" [_thread_blocked, id=10272, stack(0x0000000023d20000,0x0000000023e20000)]
  0x0000000021696800 JavaThread "RMI Scheduler(0)" daemon [_thread_blocked, id=12300, stack(0x0000000022720000,0x0000000022820000)]
  0x0000000021698800 JavaThread "RMI TCP Connection(1)-192.168.233.1" daemon [_thread_in_native, id=6544, stack(0x0000000022620000,0x0000000022720000)]
=>0x000000002067b000 JavaThread "RMI TCP Accept-0" daemon [_thread_in_vm, id=14476, stack(0x0000000020c50000,0x0000000020d50000)]
  0x000000002043c800 JavaThread "Service Thread" daemon [_thread_blocked, id=15796, stack(0x0000000020b50000,0x0000000020c50000)]
  0x000000002040b000 JavaThread "C1 CompilerThread2" daemon [_thread_blocked, id=9816, stack(0x0000000020a50000,0x0000000020b50000)]
  0x00000000203ba800 JavaThread "C2 CompilerThread1" daemon [_thread_blocked, id=10896, stack(0x0000000020950000,0x0000000020a50000)]
  0x00000000203b9800 JavaThread "C2 CompilerThread0" daemon [_thread_blocked, id=9136, stack(0x0000000020850000,0x0000000020950000)]
  0x0000000020316800 JavaThread "Monitor Ctrl-Break" daemon [_thread_in_native, id=13736, stack(0x0000000020750000,0x0000000020850000)]
  0x000000001e608800 JavaThread "Attach Listener" daemon [_thread_blocked, id=1956, stack(0x000000001fe50000,0x000000001ff50000)]
  0x000000001e608000 JavaThread "Signal Dispatcher" daemon [_thread_blocked, id=16048, stack(0x000000001fd50000,0x000000001fe50000)]
  0x0000000002dae800 JavaThread "Finalizer" daemon [_thread_blocked, id=10544, stack(0x000000001f850000,0x000000001f950000)]
  0x0000000002da9000 JavaThread "Reference Handler" daemon [_thread_blocked, id=2588, stack(0x000000001f750000,0x000000001f850000)]

Other Threads:
  0x000000001e5b7000 VMThread [stack: 0x000000001f650000,0x000000001f750000] [id=13652]
  0x0000000020688800 WatcherThread [stack: 0x0000000020d50000,0x0000000020e50000] [id=9120]

VM state:synchronizing (normal execution)

VM Mutex/Monitor currently owned by a thread:  ([mutex/lock_event])
[0x0000000002cb15d0] Threads_lock - owner thread: 0x000000001e5b7000

Heap:
 PSYoungGen      total 212992K, used 205317K [0x0000000758700000, 0x0000000766f00000, 0x00000007c0000000)
  eden space 201216K, 96% used [0x0000000758700000,0x00000007644037b0,0x0000000764b80000)
  from space 11776K, 99% used [0x0000000764b80000,0x00000007656fdfc0,0x0000000765700000)
  to   space 11776K, 0% used [0x0000000765700000,0x0000000765700000,0x0000000766280000)
 ParOldGen       total 177664K, used 20971K [0x0000000689400000, 0x0000000694180000, 0x0000000758700000)
  object space 177664K, 11% used [0x0000000689400000,0x000000068a87acc0,0x0000000694180000)
 Metaspace       used 53311K, capacity 56243K, committed 56320K, reserved 1097728K
  class space    used 7135K, capacity 7663K, committed 7680K, reserved 1048576K

Card table byte_map: [0x00000000122f0000,0x0000000012cb0000] byte_map_base: 0x000000000eea6000

Marking Bits: (ParMarkBitMap*) 0x00000000712fb6d0
 Begin Bits: [0x0000000013730000, 0x00000000184e0000)
 End Bits:   [0x00000000184e0000, 0x000000001d290000)

Polling page: 0x0000000000e30000

CodeCache: size=245760Kb used=10587Kb max_used=10587Kb free=235172Kb
 bounds [0x0000000002f30000, 0x0000000003990000, 0x0000000011f30000]
 total_blobs=6003 nmethods=5421 adapters=495
 compilation: enabled

Compilation events (10 events):
Event: 27.655 Thread 0x000000002040b000 5481       1       org.springframework.beans.factory.support.AbstractBeanDefinition::getResourceDescription (21 bytes)
Event: 27.655 Thread 0x000000002040b000 nmethod 5481 0x0000000003985d90 code [0x0000000003985f00, 0x0000000003986068]
Event: 27.655 Thread 0x000000002040b000 5482   !   1       org.springframework.beans.factory.support.DefaultSingletonBeanRegistry::getDependenciesForBean (44 bytes)
Event: 27.656 Thread 0x000000002040b000 nmethod 5482 0x00000000039860d0 code [0x0000000003986260, 0x0000000003986708]
Event: 27.664 Thread 0x000000002040b000 5483       1       java.io.ObjectInputStream$HandleTable::size (5 bytes)
Event: 27.665 Thread 0x000000002040b000 nmethod 5483 0x0000000003986910 code [0x0000000003986a60, 0x0000000003986b70]
Event: 27.665 Thread 0x000000002040b000 5485       1       java.io.ObjectInputStream$BlockDataInputStream::readFully (42 bytes)
Event: 27.665 Thread 0x000000002040b000 nmethod 5485 0x0000000003986f50 code [0x00000000039870c0, 0x00000000039872d8]
Event: 28.637 Thread 0x000000002040b000 5486       1       java.net.NetworkInterface::access$000 (5 bytes)
Event: 28.637 Thread 0x000000002040b000 nmethod 5486 0x0000000003987410 code [0x0000000003987560, 0x0000000003987650]

GC Heap History (10 events):
Event: 12.950 GC heap before
{Heap before GC invocations=7 (full 1):
 PSYoungGen      total 93184K, used 86179K [0x0000000758700000, 0x0000000761400000, 0x00000007c0000000)
  eden space 79872K, 100% used [0x0000000758700000,0x000000075d500000,0x000000075d500000)
  from space 13312K, 47% used [0x000000075d500000,0x000000075db28dc0,0x000000075e200000)
  to   space 9728K, 0% used [0x0000000760a80000,0x0000000760a80000,0x0000000761400000)
 ParOldGen       total 122368K, used 8369K [0x0000000689400000, 0x0000000690b80000, 0x0000000758700000)
  object space 122368K, 6% used [0x0000000689400000,0x0000000689c2c4f0,0x0000000690b80000)
 Metaspace       used 26493K, capacity 27665K, committed 27776K, reserved 1073152K
  class space    used 3641K, capacity 3887K, committed 3968K, reserved 1048576K
Event: 12.963 GC heap after
Heap after GC invocations=7 (full 1):
 PSYoungGen      total 134144K, used 8220K [0x0000000758700000, 0x0000000761800000, 0x00000007c0000000)
  eden space 124416K, 0% used [0x0000000758700000,0x0000000758700000,0x0000000760080000)
  from space 9728K, 84% used [0x0000000760a80000,0x00000007612871f8,0x0000000761400000)
  to   space 10240K, 0% used [0x0000000760080000,0x0000000760080000,0x0000000760a80000)
 ParOldGen       total 122368K, used 8369K [0x0000000689400000, 0x0000000690b80000, 0x0000000758700000)
  object space 122368K, 6% used [0x0000000689400000,0x0000000689c2c4f0,0x0000000690b80000)
 Metaspace       used 26493K, capacity 27665K, committed 27776K, reserved 1073152K
  class space    used 3641K, capacity 3887K, committed 3968K, reserved 1048576K
}
Event: 14.570 GC heap before
{Heap before GC invocations=8 (full 1):
 PSYoungGen      total 134144K, used 132636K [0x0000000758700000, 0x0000000761800000, 0x00000007c0000000)
  eden space 124416K, 100% used [0x0000000758700000,0x0000000760080000,0x0000000760080000)
  from space 9728K, 84% used [0x0000000760a80000,0x00000007612871f8,0x0000000761400000)
  to   space 10240K, 0% used [0x0000000760080000,0x0000000760080000,0x0000000760a80000)
 ParOldGen       total 122368K, used 8369K [0x0000000689400000, 0x0000000690b80000, 0x0000000758700000)
  object space 122368K, 6% used [0x0000000689400000,0x0000000689c2c4f0,0x0000000690b80000)
 Metaspace       used 32066K, capacity 33925K, committed 34176K, reserved 1079296K
  class space    used 4302K, capacity 4679K, committed 4736K, reserved 1048576K
Event: 14.589 GC heap after
Heap after GC invocations=8 (full 1):
 PSYoungGen      total 134656K, used 10216K [0x0000000758700000, 0x0000000766280000, 0x00000007c0000000)
  eden space 124416K, 0% used [0x0000000758700000,0x0000000758700000,0x0000000760080000)
  from space 10240K, 99% used [0x0000000760080000,0x0000000760a7a2b0,0x0000000760a80000)
  to   space 11776K, 0% used [0x0000000765700000,0x0000000765700000,0x0000000766280000)
 ParOldGen       total 122368K, used 10251K [0x0000000689400000, 0x0000000690b80000, 0x0000000758700000)
  object space 122368K, 8% used [0x0000000689400000,0x0000000689e02fd8,0x0000000690b80000)
 Metaspace       used 32066K, capacity 33925K, committed 34176K, reserved 1079296K
  class space    used 4302K, capacity 4679K, committed 4736K, reserved 1048576K
}
Event: 15.112 GC heap before
{Heap before GC invocations=9 (full 1):
 PSYoungGen      total 134656K, used 57382K [0x0000000758700000, 0x0000000766280000, 0x00000007c0000000)
  eden space 124416K, 37% used [0x0000000758700000,0x000000075b50f600,0x0000000760080000)
  from space 10240K, 99% used [0x0000000760080000,0x0000000760a7a2b0,0x0000000760a80000)
  to   space 11776K, 0% used [0x0000000765700000,0x0000000765700000,0x0000000766280000)
 ParOldGen       total 122368K, used 10251K [0x0000000689400000, 0x0000000690b80000, 0x0000000758700000)
  object space 122368K, 8% used [0x0000000689400000,0x0000000689e02fd8,0x0000000690b80000)
 Metaspace       used 33492K, capacity 35313K, committed 35496K, reserved 1079296K
  class space    used 4508K, capacity 4843K, committed 4864K, reserved 1048576K
Event: 15.129 GC heap after
Heap after GC invocations=9 (full 1):
 PSYoungGen      total 212992K, used 8678K [0x0000000758700000, 0x0000000766f00000, 0x00000007c0000000)
  eden space 201216K, 0% used [0x0000000758700000,0x0000000758700000,0x0000000764b80000)
  from space 11776K, 73% used [0x0000000765700000,0x0000000765f79850,0x0000000766280000)
  to   space 11776K, 0% used [0x0000000764b80000,0x0000000764b80000,0x0000000765700000)
 ParOldGen       total 122368K, used 12099K [0x0000000689400000, 0x0000000690b80000, 0x0000000758700000)
  object space 122368K, 9% used [0x0000000689400000,0x0000000689fd0fd8,0x0000000690b80000)
 Metaspace       used 33492K, capacity 35313K, committed 35496K, reserved 1079296K
  class space    used 4508K, capacity 4843K, committed 4864K, reserved 1048576K
}
Event: 15.129 GC heap before
{Heap before GC invocations=10 (full 2):
 PSYoungGen      total 212992K, used 8678K [0x0000000758700000, 0x0000000766f00000, 0x00000007c0000000)
  eden space 201216K, 0% used [0x0000000758700000,0x0000000758700000,0x0000000764b80000)
  from space 11776K, 73% used [0x0000000765700000,0x0000000765f79850,0x0000000766280000)
  to   space 11776K, 0% used [0x0000000764b80000,0x0000000764b80000,0x0000000765700000)
 ParOldGen       total 122368K, used 12099K [0x0000000689400000, 0x0000000690b80000, 0x0000000758700000)
  object space 122368K, 9% used [0x0000000689400000,0x0000000689fd0fd8,0x0000000690b80000)
 Metaspace       used 33492K, capacity 35313K, committed 35496K, reserved 1079296K
  class space    used 4508K, capacity 4843K, committed 4864K, reserved 1048576K
Event: 15.221 GC heap after
Heap after GC invocations=10 (full 2):
 PSYoungGen      total 212992K, used 0K [0x0000000758700000, 0x0000000766f00000, 0x00000007c0000000)
  eden space 201216K, 0% used [0x0000000758700000,0x0000000758700000,0x0000000764b80000)
  from space 11776K, 0% used [0x0000000765700000,0x0000000765700000,0x0000000766280000)
  to   space 11776K, 0% used [0x0000000764b80000,0x0000000764b80000,0x0000000765700000)
 ParOldGen       total 177664K, used 15944K [0x0000000689400000, 0x0000000694180000, 0x0000000758700000)
  object space 177664K, 8% used [0x0000000689400000,0x000000068a3920c0,0x0000000694180000)
 Metaspace       used 33492K, capacity 35313K, committed 35496K, reserved 1079296K
  class space    used 4508K, capacity 4843K, committed 4864K, reserved 1048576K
}
Event: 18.951 GC heap before
{Heap before GC invocations=11 (full 2):
 PSYoungGen      total 212992K, used 201216K [0x0000000758700000, 0x0000000766f00000, 0x00000007c0000000)
  eden space 201216K, 100% used [0x0000000758700000,0x0000000764b80000,0x0000000764b80000)
  from space 11776K, 0% used [0x0000000765700000,0x0000000765700000,0x0000000766280000)
  to   space 11776K, 0% used [0x0000000764b80000,0x0000000764b80000,0x0000000765700000)
 ParOldGen       total 177664K, used 15944K [0x0000000689400000, 0x0000000694180000, 0x0000000758700000)
  object space 177664K, 8% used [0x0000000689400000,0x000000068a3920c0,0x0000000694180000)
 Metaspace       used 46068K, capacity 48351K, committed 48640K, reserved 1091584K
  class space    used 6108K, capacity 6562K, committed 6656K, reserved 1048576K
Event: 18.979 GC heap after
Heap after GC invocations=11 (full 2):
 PSYoungGen      total 212992K, used 11767K [0x0000000758700000, 0x0000000766f00000, 0x00000007c0000000)
  eden space 201216K, 0% used [0x0000000758700000,0x0000000758700000,0x0000000764b80000)
  from space 11776K, 99% used [0x0000000764b80000,0x00000007656fdfc0,0x0000000765700000)
  to   space 11776K, 0% used [0x0000000765700000,0x0000000765700000,0x0000000766280000)
 ParOldGen       total 177664K, used 20971K [0x0000000689400000, 0x0000000694180000, 0x0000000758700000)
  object space 177664K, 11% used [0x0000000689400000,0x000000068a87acc0,0x0000000694180000)
 Metaspace       used 46068K, capacity 48351K, committed 48640K, reserved 1091584K
  class space    used 6108K, capacity 6562K, committed 6656K, reserved 1048576K
}

Deoptimization events (0 events):
No events

Internal exceptions (10 events):
Event: 25.440 Thread 0x0000000002cbb000 Exception <a 'java/lang/ClassNotFoundException': > (0x0000000762ebcdf8) thrown at [C:\re\workspace\8-2-build-windows-amd64-cygwin\jdk8u121\8372\hotspot\src\share\vm\prims\jni.cpp, line 735]
Event: 25.454 Thread 0x0000000002cbb000 Exception <a 'java/lang/ClassNotFoundException': > (0x0000000762f26108) thrown at [C:\re\workspace\8-2-build-windows-amd64-cygwin\jdk8u121\8372\hotspot\src\share\vm\prims\jni.cpp, line 735]
Event: 25.454 Thread 0x0000000002cbb000 Exception <a 'java/lang/ClassNotFoundException': > (0x0000000762f29090) thrown at [C:\re\workspace\8-2-build-windows-amd64-cygwin\jdk8u121\8372\hotspot\src\share\vm\prims\jni.cpp, line 735]
Event: 25.454 Thread 0x0000000002cbb000 Exception <a 'java/lang/ClassNotFoundException': > (0x0000000762f2bfc0) thrown at [C:\re\workspace\8-2-build-windows-amd64-cygwin\jdk8u121\8372\hotspot\src\share\vm\prims\jni.cpp, line 735]
Event: 25.455 Thread 0x0000000002cbb000 Exception <a 'java/lang/ClassNotFoundException': > (0x0000000762f2ef40) thrown at [C:\re\workspace\8-2-build-windows-amd64-cygwin\jdk8u121\8372\hotspot\src\share\vm\prims\jni.cpp, line 735]
Event: 25.519 Thread 0x0000000002cbb000 Exception <a 'java/lang/ArrayIndexOutOfBoundsException'> (0x00000007632e8b50) thrown at [C:\re\workspace\8-2-build-windows-amd64-cygwin\jdk8u121\8372\hotspot\src\share\vm\runtime\sharedRuntime.cpp, line 605]
Event: 25.592 Thread 0x0000000002cbb000 Exception <a 'java/lang/ArrayIndexOutOfBoundsException'> (0x00000007637e1150) thrown at [C:\re\workspace\8-2-build-windows-amd64-cygwin\jdk8u121\8372\hotspot\src\share\vm\runtime\sharedRuntime.cpp, line 605]
Event: 25.596 Thread 0x0000000002cbb000 Exception <a 'java/lang/ArrayIndexOutOfBoundsException'> (0x0000000763828a10) thrown at [C:\re\workspace\8-2-build-windows-amd64-cygwin\jdk8u121\8372\hotspot\src\share\vm\runtime\sharedRuntime.cpp, line 605]
Event: 25.615 Thread 0x0000000002cbb000 Exception <a 'java/lang/ArrayIndexOutOfBoundsException'> (0x000000076385ef60) thrown at [C:\re\workspace\8-2-build-windows-amd64-cygwin\jdk8u121\8372\hotspot\src\share\vm\runtime\sharedRuntime.cpp, line 605]
Event: 28.638 Thread 0x000000002067b000 Exception <a 'java/lang/OutOfMemoryError': unable to create new native thread> (0x0000000764075038) thrown at [C:\re\workspace\8-2-build-windows-amd64-cygwin\jdk8u121\8372\hotspot\src\share\vm\prims\jvm.cpp, line 3033]

Events (10 events):
Event: 27.647 Executing VM operation: RevokeBias done
Event: 27.647 Executing VM operation: RevokeBias
Event: 27.647 Executing VM operation: RevokeBias done
Event: 27.674 Thread 0x0000000024a19800 Thread exited: 0x0000000024a19800
Event: 28.638 loading class java/util/concurrent/RejectedExecutionException
Event: 28.638 loading class java/util/concurrent/RejectedExecutionException done
Event: 28.638 loading class ch/qos/logback/classic/spi/ThrowableProxy
Event: 28.638 loading class ch/qos/logback/classic/spi/ThrowableProxy done
Event: 28.641 loading class ch/qos/logback/classic/spi/IThrowableProxy
Event: 28.641 loading class ch/qos/logback/classic/spi/IThrowableProxy done


Dynamic libraries:
0x00007ff7e82c0000 - 0x00007ff7e82f7000 	D:\DevelopTool\jdk8\bin\java.exe
0x00007ffc49ea0000 - 0x00007ffc4a08d000 	C:\Windows\SYSTEM32\ntdll.dll
0x00007ffc498f0000 - 0x00007ffc499a3000 	C:\Windows\System32\KERNEL32.DLL
0x00007ffc461e0000 - 0x00007ffc46473000 	C:\Windows\System32\KERNELBASE.dll
0x00007ffc47540000 - 0x00007ffc475e3000 	C:\Windows\System32\ADVAPI32.dll
0x00007ffc475f0000 - 0x00007ffc4768e000 	C:\Windows\System32\msvcrt.dll
0x00007ffc48f20000 - 0x00007ffc48fbe000 	C:\Windows\System32\sechost.dll
0x00007ffc496a0000 - 0x00007ffc497c2000 	C:\Windows\System32\RPCRT4.dll
0x00007ffc49500000 - 0x00007ffc49697000 	C:\Windows\System32\USER32.dll
0x00007ffc464b0000 - 0x00007ffc464d0000 	C:\Windows\System32\win32u.dll
0x00007ffc49d30000 - 0x00007ffc49d59000 	C:\Windows\System32\GDI32.dll
0x00007ffc466d0000 - 0x00007ffc46869000 	C:\Windows\System32\gdi32full.dll
0x00007ffc45fb0000 - 0x00007ffc46050000 	C:\Windows\System32\msvcp_win.dll
0x00007ffc46fc0000 - 0x00007ffc470ba000 	C:\Windows\System32\ucrtbase.dll
0x00007ffc39660000 - 0x00007ffc398d9000 	C:\Windows\WinSxS\amd64_microsoft.windows.common-controls_6595b64144ccf1df_6.0.17763.737_none_05b6437c071e554b\COMCTL32.dll
0x00007ffc491d0000 - 0x00007ffc494fc000 	C:\Windows\System32\combase.dll
0x00007ffc46100000 - 0x00007ffc4617e000 	C:\Windows\System32\bcryptPrimitives.dll
0x00007ffc49840000 - 0x00007ffc4986e000 	C:\Windows\System32\IMM32.DLL
0x0000000071d40000 - 0x0000000071e12000 	D:\DevelopTool\jdk8\jre\bin\msvcr100.dll
0x0000000070ae0000 - 0x000000007137b000 	D:\DevelopTool\jdk8\jre\bin\server\jvm.dll
0x00007ffc490f0000 - 0x00007ffc490f8000 	C:\Windows\System32\PSAPI.DLL
0x00007ffc426d0000 - 0x00007ffc426d9000 	C:\Windows\SYSTEM32\WSOCK32.dll
0x00007ffc497d0000 - 0x00007ffc4983d000 	C:\Windows\System32\WS2_32.dll
0x00007ffc43b60000 - 0x00007ffc43b84000 	C:\Windows\SYSTEM32\WINMM.dll
0x00007ffc417c0000 - 0x00007ffc417ca000 	C:\Windows\SYSTEM32\VERSION.dll
0x00007ffc43ae0000 - 0x00007ffc43b0d000 	C:\Windows\SYSTEM32\WINMMBASE.dll
0x00007ffc45f60000 - 0x00007ffc45faa000 	C:\Windows\System32\cfgmgr32.dll
0x0000000071d30000 - 0x0000000071d3f000 	D:\DevelopTool\jdk8\jre\bin\verify.dll
0x0000000071d00000 - 0x0000000071d29000 	D:\DevelopTool\jdk8\jre\bin\java.dll
0x00000000716f0000 - 0x0000000071713000 	D:\DevelopTool\jdk8\jre\bin\instrument.dll
0x0000000071ce0000 - 0x0000000071cf6000 	D:\DevelopTool\jdk8\jre\bin\zip.dll
0x00007ffc47850000 - 0x00007ffc48d42000 	C:\Windows\System32\SHELL32.dll
0x00007ffc49d60000 - 0x00007ffc49e08000 	C:\Windows\System32\shcore.dll
0x00007ffc46870000 - 0x00007ffc46fba000 	C:\Windows\System32\windows.storage.dll
0x00007ffc45ef0000 - 0x00007ffc45f14000 	C:\Windows\System32\profapi.dll
0x00007ffc45e90000 - 0x00007ffc45eed000 	C:\Windows\System32\powrprof.dll
0x00007ffc48ec0000 - 0x00007ffc48f12000 	C:\Windows\System32\shlwapi.dll
0x00007ffc45f20000 - 0x00007ffc45f31000 	C:\Windows\System32\kernel.appcore.dll
0x00007ffc466b0000 - 0x00007ffc466c7000 	C:\Windows\System32\cryptsp.dll
0x00007ffc440e0000 - 0x00007ffc440fa000 	D:\DevelopTool\idea\bin\breakgen64.dll
0x0000000071cc0000 - 0x0000000071cda000 	D:\DevelopTool\jdk8\jre\bin\net.dll
0x00007ffc45700000 - 0x00007ffc45767000 	C:\Windows\system32\mswsock.dll
0x00007ffc45460000 - 0x00007ffc45526000 	C:\Windows\SYSTEM32\DNSAPI.dll
0x00007ffc47840000 - 0x00007ffc47848000 	C:\Windows\System32\NSI.dll
0x00007ffc45420000 - 0x00007ffc4545d000 	C:\Windows\SYSTEM32\IPHLPAPI.DLL
0x00007ffc3f0f0000 - 0x00007ffc3f0fa000 	C:\Windows\System32\rasadhlp.dll
0x00007ffc3bca0000 - 0x00007ffc3bd19000 	C:\Windows\System32\fwpuclnt.dll
0x00007ffc46480000 - 0x00007ffc464a6000 	C:\Windows\System32\bcrypt.dll
0x0000000071750000 - 0x000000007175d000 	D:\DevelopTool\jdk8\jre\bin\management.dll
0x0000000071ca0000 - 0x0000000071cb1000 	D:\DevelopTool\jdk8\jre\bin\nio.dll
0x00007ffc45280000 - 0x00007ffc452b3000 	C:\Windows\system32\rsaenh.dll
0x00007ffc45d90000 - 0x00007ffc45db8000 	C:\Windows\SYSTEM32\USERENV.dll
0x00007ffc458d0000 - 0x00007ffc458dc000 	C:\Windows\SYSTEM32\CRYPTBASE.dll
0x00007ffc3f1d0000 - 0x00007ffc3f1e6000 	C:\Windows\SYSTEM32\dhcpcsvc6.DLL
0x00007ffc3f1b0000 - 0x00007ffc3f1cc000 	C:\Windows\SYSTEM32\dhcpcsvc.DLL
0x00007ffc30c30000 - 0x00007ffc30c46000 	C:\Windows\system32\napinsp.dll
0x00007ffc30c10000 - 0x00007ffc30c2a000 	C:\Windows\system32\pnrpnsp.dll
0x00007ffc314b0000 - 0x00007ffc314be000 	C:\Windows\System32\winrnr.dll
0x00007ffc426f0000 - 0x00007ffc4270b000 	C:\Windows\system32\NLAapi.dll
0x00007ffc30b40000 - 0x00007ffc30b55000 	C:\Windows\system32\wshbth.dll
0x0000000071720000 - 0x0000000071744000 	D:\DevelopTool\jdk8\jre\bin\sunec.dll
0x00000000716e0000 - 0x00000000716eb000 	D:\DevelopTool\jdk8\jre\bin\sunmscapi.dll
0x00007ffc464d0000 - 0x00007ffc466ab000 	C:\Windows\System32\CRYPT32.dll
0x00007ffc45f40000 - 0x00007ffc45f52000 	C:\Windows\System32\MSASN1.dll
0x00007ffc32270000 - 0x00007ffc3245d000 	C:\Windows\SYSTEM32\dbghelp.dll

VM Arguments:
jvm_args: -XX:TieredStopAtLevel=1 -Xverify:none -Dspring.output.ansi.enabled=always -Dcom.sun.management.jmxremote -Dspring.jmx.enabled=true -Dspring.liveBeansView.mbeanDomain -Dspring.application.admin.enabled=true -javaagent:D:\DevelopTool\idea\lib\idea_rt.jar=51219:D:\DevelopTool\idea\bin -Dfile.encoding=UTF-8 
java_command: com.lcc.educenter.UCenterApplication
java_class_path (initial): D:\DevelopTool\jdk8\jre\lib\charsets.jar;D:\DevelopTool\jdk8\jre\lib\deploy.jar;D:\DevelopTool\jdk8\jre\lib\ext\access-bridge-64.jar;D:\DevelopTool\jdk8\jre\lib\ext\cldrdata.jar;D:\DevelopTool\jdk8\jre\lib\ext\dnsns.jar;D:\DevelopTool\jdk8\jre\lib\ext\jaccess.jar;D:\DevelopTool\jdk8\jre\lib\ext\jfxrt.jar;D:\DevelopTool\jdk8\jre\lib\ext\localedata.jar;D:\DevelopTool\jdk8\jre\lib\ext\nashorn.jar;D:\DevelopTool\jdk8\jre\lib\ext\sunec.jar;D:\DevelopTool\jdk8\jre\lib\ext\sunjce_provider.jar;D:\DevelopTool\jdk8\jre\lib\ext\sunmscapi.jar;D:\DevelopTool\jdk8\jre\lib\ext\sunpkcs11.jar;D:\DevelopTool\jdk8\jre\lib\ext\zipfs.jar;D:\DevelopTool\jdk8\jre\lib\javaws.jar;D:\DevelopTool\jdk8\jre\lib\jce.jar;D:\DevelopTool\jdk8\jre\lib\jfr.jar;D:\DevelopTool\jdk8\jre\lib\jfxswt.jar;D:\DevelopTool\jdk8\jre\lib\jsse.jar;D:\DevelopTool\jdk8\jre\lib\management-agent.jar;D:\DevelopTool\jdk8\jre\lib\plugin.jar;D:\DevelopTool\jdk8\jre\lib\resources.jar;D:\DevelopTool\jdk8\jre\lib\rt.jar;D:\JavaWorkpace\ideaproject\online_education_master\service\service_ucenter\target\classes;D:\JavaWorkpace\ideaproject\online_education_master\common\service_base\target\classes;D:\JavaWorkpace\ideaproject\online_education_master\common\common_utils\target\classes;D:\mavenrepository\repository\io\jsonwebtoken\jjwt\0.7.0\jjwt-0.7.0.jar;D:\mavenrepository\repository\org\springframework\boot\spring-boot-starter-data-redis\2.2.1.RELEASE\spring-boot-starter-data-redis-2.2.1.RELEASE.jar;D:\mavenrepository\repository\org\springframework\data\spring-data-redis\2.2.1.RELEASE\spring-data-redis-2.2.1.RELEASE.jar;D:\mavenrepository\repository\org\springframework\data\spring-data-keyvalue\2.2.1.RELEASE\spring-data-keyvalue-2.2.1.RELEASE.jar;D:\mavenrepository\repository\org\springframework\data\spring-data-commons\2.2.1.RELEASE\spring-data-commons-2.2.1.RELEASE.jar;D:\mavenrepository\repository\org\springframework\spring-tx\5.2.1.RELEASE\spring-tx-5.2.1.RELEASE.jar;D:\mavenrepository\reposito
Launcher Type: SUN_STANDARD

Environment Variables:
JAVA_HOME=D:\DevelopTool\jdk8
CLASSPATH=D:\weaverworkpace\Resin\lib\resin.jar;.;D:\DevelopTool\jdk8\lib\dt.jar;D:\DevelopTool\jdk8\lib\tools.jar
PATH=C:\Windows\system32;C:\Windows;C:\Windows\System32\Wbem;C:\Windows\System32\WindowsPowerShell\v1.0\;C:\Windows\System32\OpenSSH\;D:\DevelopTool\jdk8\bin;D:\DevelopTool\jdk8\jre\bin;";D:\DevelopTool\mysql-5.7.30-winx64\bin";D:\DevelopTool\svn\bin;D:\DevelopTool\sqlserver\sharex86\100\Tools\Binn\;D:\DevelopTool\sqlserver\share\100\Tools\Binn\;D:\DevelopTool\sqlserver\share\100\DTS\Binn\;D:\DevelopTool\sqlserver\sharex86\100\Tools\Binn\VSShell\Common7\IDE\;C:\Program Files (x86)\Microsoft Visual Studio 9.0\Common7\IDE\PrivateAssemblies\;D:\DevelopTool\sqlserver\sharex86\100\DTS\Binn\;D:\DevelopTool\git\Git\cmd;D:\DevelopTool\node\;C:\Users\Administrator\AppData\Local\Microsoft\WindowsApps;;D:\DevelopTool\vscode\bin;C:\Users\Administrator\AppData\Roaming\npm
USERNAME=Administrator
OS=Windows_NT
PROCESSOR_IDENTIFIER=AMD64 Family 21 Model 101 Stepping 1, AuthenticAMD



---------------  S Y S T E M  ---------------

OS: Windows 10.0 , 64 bit Build 17763 (10.0.17763.475)

CPU:total 4 (4 cores per cpu, 1 threads per core) family 21 model 101 stepping 1, cmov, cx8, fxsr, mmx, sse, sse2, sse3, ssse3, sse4.1, sse4.2, popcnt, avx, avx2, aes, clmul, mmxext, 3dnowpref, lzcnt, sse4a, tsc, tscinvbit, tscinv, bmi1

Memory: 4k page, physical 20362216k(9473372k free), swap 21410792k(1036k free)

vm_info: Java HotSpot(TM) 64-Bit Server VM (25.121-b13) for windows-amd64 JRE (1.8.0_121-b13), built on Dec 12 2016 18:21:36 by "java_re" with MS VC++ 10.0 (VS2010)

time: Wed Sep 09 09:51:51 2020
elapsed time: 28 seconds (0d 0h 0m 28s)

