#
# There is insufficient memory for the Java Runtime Environment to continue.
# Native memory allocation (malloc) failed to allocate 32744 bytes for ChunkPool::allocate
# Possible reasons:
#   The system is out of physical RAM or swap space
#   In 32 bit mode, the process size limit was hit
# Possible solutions:
#   Reduce memory load on the system
#   Increase physical memory or swap space
#   Check if swap backing store is full
#   Use 64 bit Java on a 64 bit OS
#   Decrease Java heap size (-Xmx/-Xms)
#   Decrease number of Java threads
#   Decrease Java thread stack sizes (-Xss)
#   Set larger code cache with -XX:ReservedCodeCacheSize=
# This output file may be truncated or incomplete.
#
#  Out of Memory Error (allocation.cpp:273), pid=15164, tid=0x00000000000012d8
#
# JRE version: Java(TM) SE Runtime Environment (8.0_121-b13) (build 1.8.0_121-b13)
# Java VM: Java HotSpot(TM) 64-Bit Server VM (25.121-b13 mixed mode windows-amd64 compressed oops)
# Failed to write core dump. Minidumps are not enabled by default on client versions of Windows
#

---------------  T H R E A D  ---------------

Current thread (0x000000000278b000):  JavaThread "main" [_thread_in_vm, id=4824, stack(0x0000000002680000,0x0000000002780000)]

Stack: [0x0000000002680000,0x0000000002780000]
[error occurred during error reporting (printing stack bounds), id 0xc0000005]

Native frames: (J=compiled Java code, j=interpreted, Vv=VM code, C=native code)

Java frames: (J=compiled Java code, j=interpreted, Vv=VM code)
J 710  java.lang.Throwable.fillInStackTrace(I)Ljava/lang/Throwable; (0 bytes) @ 0x0000000002be617b [0x0000000002be6140+0x3b]
J 709 C1 java.lang.Throwable.fillInStackTrace()Ljava/lang/Throwable; (29 bytes) @ 0x0000000002be6b6c [0x0000000002be6a40+0x12c]
J 3461 C1 java.lang.Throwable.<init>(Ljava/lang/String;Ljava/lang/Throwable;)V (39 bytes) @ 0x0000000002aca874 [0x0000000002aca7c0+0xb4]
J 762 C1 java.lang.ClassNotFoundException.<init>(Ljava/lang/String;)V (7 bytes) @ 0x0000000002bf7c9c [0x0000000002bf7c60+0x3c]
J 671 C1 java.net.URLClassLoader.findClass(Ljava/lang/String;)Ljava/lang/Class; (47 bytes) @ 0x0000000002bd6724 [0x0000000002bd65c0+0x164]
J 607 C1 java.lang.ClassLoader.loadClass(Ljava/lang/String;Z)Ljava/lang/Class; (122 bytes) @ 0x0000000002bb4c74 [0x0000000002bb4960+0x314]
J 607 C1 java.lang.ClassLoader.loadClass(Ljava/lang/String;Z)Ljava/lang/Class; (122 bytes) @ 0x0000000002bb4bc4 [0x0000000002bb4960+0x264]
J 638 C1 sun.misc.Launcher$AppClassLoader.loadClass(Ljava/lang/String;Z)Ljava/lang/Class; (85 bytes) @ 0x0000000002bc70d4 [0x0000000002bc6de0+0x2f4]
J 637 C1 java.lang.ClassLoader.loadClass(Ljava/lang/String;)Ljava/lang/Class; (7 bytes) @ 0x0000000002bc6aa4 [0x0000000002bc6a60+0x44]
v  ~StubRoutines::call_stub
j  com.baomidou.mybatisplus.extension.spring.MybatisSqlSessionFactoryBean.buildSqlSessionFactory()Lorg/apache/ibatis/session/SqlSessionFactory;+1783
j  com.baomidou.mybatisplus.extension.spring.MybatisSqlSessionFactoryBean.afterPropertiesSet()V+58
j  com.baomidou.mybatisplus.extension.spring.MybatisSqlSessionFactoryBean.getObject()Lorg/apache/ibatis/session/SqlSessionFactory;+8
j  com.baomidou.mybatisplus.autoconfigure.MybatisPlusAutoConfiguration.sqlSessionFactory(Ljavax/sql/DataSource;)Lorg/apache/ibatis/session/SqlSessionFactory;+365
j  com.baomidou.mybatisplus.autoconfigure.MybatisPlusAutoConfiguration$$EnhancerBySpringCGLIB$$58fcd2ec.CGLIB$sqlSessionFactory$1(Ljavax/sql/DataSource;)Lorg/apache/ibatis/session/SqlSessionFactory;+2
j  com.baomidou.mybatisplus.autoconfigure.MybatisPlusAutoConfiguration$$EnhancerBySpringCGLIB$$58fcd2ec$$FastClassBySpringCGLIB$$2104ef50.invoke(ILjava/lang/Object;[Ljava/lang/Object;)Ljava/lang/Object;+168
j  org.springframework.cglib.proxy.MethodProxy.invokeSuper(Ljava/lang/Object;[Ljava/lang/Object;)Ljava/lang/Object;+19
j  org.springframework.context.annotation.ConfigurationClassEnhancer$BeanMethodInterceptor.intercept(Ljava/lang/Object;Ljava/lang/reflect/Method;[Ljava/lang/Object;Lorg/springframework/cglib/proxy/MethodProxy;)Ljava/lang/Object;+207
j  com.baomidou.mybatisplus.autoconfigure.MybatisPlusAutoConfiguration$$EnhancerBySpringCGLIB$$58fcd2ec.sqlSessionFactory(Ljavax/sql/DataSource;)Lorg/apache/ibatis/session/SqlSessionFactory;+36
v  ~StubRoutines::call_stub
J 1996  sun.reflect.NativeMethodAccessorImpl.invoke0(Ljava/lang/reflect/Method;Ljava/lang/Object;[Ljava/lang/Object;)Ljava/lang/Object; (0 bytes) @ 0x0000000002db083f [0x0000000002db07c0+0x7f]
J 1995 C1 sun.reflect.NativeMethodAccessorImpl.invoke(Ljava/lang/Object;[Ljava/lang/Object;)Ljava/lang/Object; (104 bytes) @ 0x0000000002db1da4 [0x0000000002db19e0+0x3c4]
J 1896 C1 sun.reflect.DelegatingMethodAccessorImpl.invoke(Ljava/lang/Object;[Ljava/lang/Object;)Ljava/lang/Object; (10 bytes) @ 0x0000000002d8b064 [0x0000000002d8b020+0x44]
J 1895 C1 java.lang.reflect.Method.invoke(Ljava/lang/Object;[Ljava/lang/Object;)Ljava/lang/Object; (62 bytes) @ 0x0000000002d8ac64 [0x0000000002d8ab60+0x104]
j  org.springframework.beans.factory.support.SimpleInstantiationStrategy.instantiate(Lorg/springframework/beans/factory/support/RootBeanDefinition;Ljava/lang/String;Lorg/springframework/beans/factory/BeanFactory;Ljava/lang/Object;Ljava/lang/reflect/Method;[Ljava/lang/Object;)Ljava/lang/Object;+50
j  org.springframework.beans.factory.support.ConstructorResolver.instantiate(Ljava/lang/String;Lorg/springframework/beans/factory/support/RootBeanDefinition;Ljava/lang/Object;Ljava/lang/reflect/Method;[Ljava/lang/Object;)Ljava/lang/Object;+48
j  org.springframework.beans.factory.support.ConstructorResolver.instantiateUsingFactoryMethod(Ljava/lang/String;Lorg/springframework/beans/factory/support/RootBeanDefinition;[Ljava/lang/Object;)Lorg/springframework/beans/BeanWrapper;+1507
j  org.springframework.beans.factory.support.AbstractAutowireCapableBeanFactory.instantiateUsingFactoryMethod(Ljava/lang/String;Lorg/springframework/beans/factory/support/RootBeanDefinition;[Ljava/lang/Object;)Lorg/springframework/beans/BeanWrapper;+11
j  org.springframework.beans.factory.support.AbstractAutowireCapableBeanFactory.createBeanInstance(Ljava/lang/String;Lorg/springframework/beans/factory/support/RootBeanDefinition;[Ljava/lang/Object;)Lorg/springframework/beans/BeanWrapper;+101
j  org.springframework.beans.factory.support.AbstractAutowireCapableBeanFactory.doCreateBean(Ljava/lang/String;Lorg/springframework/beans/factory/support/RootBeanDefinition;[Ljava/lang/Object;)Ljava/lang/Object;+34
j  org.springframework.beans.factory.support.AbstractAutowireCapableBeanFactory.createBean(Ljava/lang/String;Lorg/springframework/beans/factory/support/RootBeanDefinition;[Ljava/lang/Object;)Ljava/lang/Object;+169
j  org.springframework.beans.factory.support.AbstractBeanFactory.lambda$doGetBean$0(Ljava/lang/String;Lorg/springframework/beans/factory/support/RootBeanDefinition;[Ljava/lang/Object;)Ljava/lang/Object;+4
j  org.springframework.beans.factory.support.AbstractBeanFactory$$Lambda$163.getObject()Ljava/lang/Object;+16
j  org.springframework.beans.factory.support.DefaultSingletonBeanRegistry.getSingleton(Ljava/lang/String;Lorg/springframework/beans/factory/ObjectFactory;)Ljava/lang/Object;+132
J 2669 C1 org.springframework.beans.factory.support.AbstractBeanFactory.doGetBean(Ljava/lang/String;Ljava/lang/Class;[Ljava/lang/Object;Z)Ljava/lang/Object; (833 bytes) @ 0x0000000002edff2c [0x0000000002edfa00+0x52c]
j  org.springframework.beans.factory.support.AbstractBeanFactory.getBean(Ljava/lang/String;)Ljava/lang/Object;+5
j  org.springframework.beans.factory.config.DependencyDescriptor.resolveCandidate(Ljava/lang/String;Ljava/lang/Class;Lorg/springframework/beans/factory/BeanFactory;)Ljava/lang/Object;+2
j  org.springframework.beans.factory.support.DefaultListableBeanFactory.doResolveDependency(Lorg/springframework/beans/factory/config/DependencyDescriptor;Ljava/lang/String;Ljava/util/Set;Lorg/springframework/beans/TypeConverter;)Ljava/lang/Object;+440
j  org.springframework.beans.factory.support.DefaultListableBeanFactory.resolveDependency(Lorg/springframework/beans/factory/config/DependencyDescriptor;Ljava/lang/String;Ljava/util/Set;Lorg/springframework/beans/TypeConverter;)Ljava/lang/Object;+108
j  org.springframework.beans.factory.support.AbstractAutowireCapableBeanFactory.autowireByType(Ljava/lang/String;Lorg/springframework/beans/factory/support/AbstractBeanDefinition;Lorg/springframework/beans/BeanWrapper;Lorg/springframework/beans/MutablePropertyValues;)V+128
j  org.springframework.beans.factory.support.AbstractAutowireCapableBeanFactory.populateBean(Ljava/lang/String;Lorg/springframework/beans/factory/support/RootBeanDefinition;Lorg/springframework/beans/BeanWrapper;)V+198
j  org.springframework.beans.factory.support.AbstractAutowireCapableBeanFactory.doCreateBean(Ljava/lang/String;Lorg/springframework/beans/factory/support/RootBeanDefinition;[Ljava/lang/Object;)Ljava/lang/Object;+237
j  org.springframework.beans.factory.support.AbstractAutowireCapableBeanFactory.createBean(Ljava/lang/String;Lorg/springframework/beans/factory/support/RootBeanDefinition;[Ljava/lang/Object;)Ljava/lang/Object;+169
j  org.springframework.beans.factory.support.AbstractBeanFactory.lambda$doGetBean$0(Ljava/lang/String;Lorg/springframework/beans/factory/support/RootBeanDefinition;[Ljava/lang/Object;)Ljava/lang/Object;+4
j  org.springframework.beans.factory.support.AbstractBeanFactory$$Lambda$163.getObject()Ljava/lang/Object;+16
j  org.springframework.beans.factory.support.DefaultSingletonBeanRegistry.getSingleton(Ljava/lang/String;Lorg/springframework/beans/factory/ObjectFactory;)Ljava/lang/Object;+132
J 2669 C1 org.springframework.beans.factory.support.AbstractBeanFactory.doGetBean(Ljava/lang/String;Ljava/lang/Class;[Ljava/lang/Object;Z)Ljava/lang/Object; (833 bytes) @ 0x0000000002edff2c [0x0000000002edfa00+0x52c]
j  org.springframework.beans.factory.support.AbstractBeanFactory.getBean(Ljava/lang/String;)Ljava/lang/Object;+5
j  org.springframework.beans.factory.config.DependencyDescriptor.resolveCandidate(Ljava/lang/String;Ljava/lang/Class;Lorg/springframework/beans/factory/BeanFactory;)Ljava/lang/Object;+2
j  org.springframework.beans.factory.support.DefaultListableBeanFactory.doResolveDependency(Lorg/springframework/beans/factory/config/DependencyDescriptor;Ljava/lang/String;Ljava/util/Set;Lorg/springframework/beans/TypeConverter;)Ljava/lang/Object;+440
j  org.springframework.beans.factory.support.DefaultListableBeanFactory.resolveDependency(Lorg/springframework/beans/factory/config/DependencyDescriptor;Ljava/lang/String;Ljava/util/Set;Lorg/springframework/beans/TypeConverter;)Ljava/lang/Object;+108
j  org.springframework.beans.factory.annotation.AutowiredAnnotationBeanPostProcessor$AutowiredFieldElement.inject(Ljava/lang/Object;Ljava/lang/String;Lorg/springframework/beans/PropertyValues;)V+115
j  org.springframework.beans.factory.annotation.InjectionMetadata.inject(Ljava/lang/Object;Ljava/lang/String;Lorg/springframework/beans/PropertyValues;)V+116
j  org.springframework.beans.factory.annotation.AutowiredAnnotationBeanPostProcessor.postProcessProperties(Lorg/springframework/beans/PropertyValues;Ljava/lang/Object;Ljava/lang/String;)Lorg/springframework/beans/PropertyValues;+17
j  org.springframework.beans.factory.support.AbstractAutowireCapableBeanFactory.populateBean(Ljava/lang/String;Lorg/springframework/beans/factory/support/RootBeanDefinition;Lorg/springframework/beans/BeanWrapper;)V+303
j  org.springframework.beans.factory.support.AbstractAutowireCapableBeanFactory.doCreateBean(Ljava/lang/String;Lorg/springframework/beans/factory/support/RootBeanDefinition;[Ljava/lang/Object;)Ljava/lang/Object;+237
j  org.springframework.beans.factory.support.AbstractAutowireCapableBeanFactory.createBean(Ljava/lang/String;Lorg/springframework/beans/factory/support/RootBeanDefinition;[Ljava/lang/Object;)Ljava/lang/Object;+169
j  org.springframework.beans.factory.support.AbstractBeanFactory.lambda$doGetBean$0(Ljava/lang/String;Lorg/springframework/beans/factory/support/RootBeanDefinition;[Ljava/lang/Object;)Ljava/lang/Object;+4
j  org.springframework.beans.factory.support.AbstractBeanFactory$$Lambda$163.getObject()Ljava/lang/Object;+16
j  org.springframework.beans.factory.support.DefaultSingletonBeanRegistry.getSingleton(Ljava/lang/String;Lorg/springframework/beans/factory/ObjectFactory;)Ljava/lang/Object;+132
J 2669 C1 org.springframework.beans.factory.support.AbstractBeanFactory.doGetBean(Ljava/lang/String;Ljava/lang/Class;[Ljava/lang/Object;Z)Ljava/lang/Object; (833 bytes) @ 0x0000000002edff2c [0x0000000002edfa00+0x52c]
j  org.springframework.beans.factory.support.AbstractBeanFactory.getBean(Ljava/lang/String;)Ljava/lang/Object;+5
j  org.springframework.beans.factory.config.DependencyDescriptor.resolveCandidate(Ljava/lang/String;Ljava/lang/Class;Lorg/springframework/beans/factory/BeanFactory;)Ljava/lang/Object;+2
j  org.springframework.beans.factory.support.DefaultListableBeanFactory.doResolveDependency(Lorg/springframework/beans/factory/config/DependencyDescriptor;Ljava/lang/String;Ljava/util/Set;Lorg/springframework/beans/TypeConverter;)Ljava/lang/Object;+440
j  org.springframework.beans.factory.support.DefaultListableBeanFactory.resolveDependency(Lorg/springframework/beans/factory/config/DependencyDescriptor;Ljava/lang/String;Ljava/util/Set;Lorg/springframework/beans/TypeConverter;)Ljava/lang/Object;+108
j  org.springframework.beans.factory.annotation.AutowiredAnnotationBeanPostProcessor$AutowiredFieldElement.inject(Ljava/lang/Object;Ljava/lang/String;Lorg/springframework/beans/PropertyValues;)V+115
j  org.springframework.beans.factory.annotation.InjectionMetadata.inject(Ljava/lang/Object;Ljava/lang/String;Lorg/springframework/beans/PropertyValues;)V+116
j  org.springframework.beans.factory.annotation.AutowiredAnnotationBeanPostProcessor.postProcessProperties(Lorg/springframework/beans/PropertyValues;Ljava/lang/Object;Ljava/lang/String;)Lorg/springframework/beans/PropertyValues;+17
j  org.springframework.beans.factory.support.AbstractAutowireCapableBeanFactory.populateBean(Ljava/lang/String;Lorg/springframework/beans/factory/support/RootBeanDefinition;Lorg/springframework/beans/BeanWrapper;)V+303
j  org.springframework.beans.factory.support.AbstractAutowireCapableBeanFactory.doCreateBean(Ljava/lang/String;Lorg/springframework/beans/factory/support/RootBeanDefinition;[Ljava/lang/Object;)Ljava/lang/Object;+237
j  org.springframework.beans.factory.support.AbstractAutowireCapableBeanFactory.createBean(Ljava/lang/String;Lorg/springframework/beans/factory/support/RootBeanDefinition;[Ljava/lang/Object;)Ljava/lang/Object;+169
j  org.springframework.beans.factory.support.AbstractBeanFactory.lambda$doGetBean$0(Ljava/lang/String;Lorg/springframework/beans/factory/support/RootBeanDefinition;[Ljava/lang/Object;)Ljava/lang/Object;+4
j  org.springframework.beans.factory.support.AbstractBeanFactory$$Lambda$163.getObject()Ljava/lang/Object;+16
j  org.springframework.beans.factory.support.DefaultSingletonBeanRegistry.getSingleton(Ljava/lang/String;Lorg/springframework/beans/factory/ObjectFactory;)Ljava/lang/Object;+132
J 2669 C1 org.springframework.beans.factory.support.AbstractBeanFactory.doGetBean(Ljava/lang/String;Ljava/lang/Class;[Ljava/lang/Object;Z)Ljava/lang/Object; (833 bytes) @ 0x0000000002edff2c [0x0000000002edfa00+0x52c]
j  org.springframework.beans.factory.support.AbstractBeanFactory.getBean(Ljava/lang/String;)Ljava/lang/Object;+5
j  org.springframework.beans.factory.support.DefaultListableBeanFactory.preInstantiateSingletons()V+248
j  org.springframework.context.support.AbstractApplicationContext.finishBeanFactoryInitialization(Lorg/springframework/beans/factory/config/ConfigurableListableBeanFactory;)V+124
j  org.springframework.context.support.AbstractApplicationContext.refresh()V+54
j  org.springframework.boot.web.servlet.context.ServletWebServerApplicationContext.refresh()V+1
j  org.springframework.boot.SpringApplication.refresh(Lorg/springframework/context/ApplicationContext;)V+10
j  org.springframework.boot.SpringApplication.refreshContext(Lorg/springframework/context/ConfigurableApplicationContext;)V+2
j  org.springframework.boot.SpringApplication.run([Ljava/lang/String;)Lorg/springframework/context/ConfigurableApplicationContext;+118
j  org.springframework.boot.SpringApplication.run([Ljava/lang/Class;[Ljava/lang/String;)Lorg/springframework/context/ConfigurableApplicationContext;+9
j  org.springframework.boot.SpringApplication.run(Ljava/lang/Class;[Ljava/lang/String;)Lorg/springframework/context/ConfigurableApplicationContext;+9
j  com.lcc.educenter.UCenterApplication.main([Ljava/lang/String;)V+3
v  ~StubRoutines::call_stub

---------------  P R O C E S S  ---------------

Java Threads: ( => current thread )
  0x0000000021917000 JavaThread "HikariPool-1 housekeeper" daemon [_thread_blocked, id=12808, stack(0x0000000024fa0000,0x00000000250a0000)]
  0x00000000210e6800 JavaThread "mysql-cj-abandoned-connection-cleanup" daemon [_thread_blocked, id=11224, stack(0x0000000023bd0000,0x0000000023cd0000)]
  0x0000000021139800 JavaThread "container-0" [_thread_blocked, id=5892, stack(0x00000000239d0000,0x0000000023ad0000)]
  0x0000000021745000 JavaThread "Catalina-utility-2" [_thread_blocked, id=16064, stack(0x00000000238d0000,0x00000000239d0000)]
  0x000000002173c800 JavaThread "Catalina-utility-1" [_thread_blocked, id=9132, stack(0x00000000237d0000,0x00000000238d0000)]
  0x0000000020c56800 JavaThread "RMI Scheduler(0)" daemon [_thread_blocked, id=2196, stack(0x00000000221d0000,0x00000000222d0000)]
  0x0000000020c46000 JavaThread "RMI TCP Connection(1)-192.168.233.1" daemon [_thread_in_native, id=5936, stack(0x00000000220d0000,0x00000000221d0000)]
  0x000000002018a800 JavaThread "RMI TCP Accept-0" daemon [_thread_in_native, id=4408, stack(0x0000000020750000,0x0000000020850000)]
  0x000000001ff4d000 JavaThread "Service Thread" daemon [_thread_blocked, id=5124, stack(0x0000000020650000,0x0000000020750000)]
  0x000000001ff1c000 JavaThread "C1 CompilerThread2" daemon [_thread_in_native, id=5528, stack(0x0000000020550000,0x0000000020650000)]
  0x000000001fec2800 JavaThread "C2 CompilerThread1" daemon [_thread_blocked, id=16708, stack(0x0000000020450000,0x0000000020550000)]
  0x000000001fec2000 JavaThread "C2 CompilerThread0" daemon [_thread_blocked, id=2960, stack(0x0000000020350000,0x0000000020450000)]
  0x000000001fec0000 JavaThread "Monitor Ctrl-Break" daemon [_thread_in_native, id=15396, stack(0x0000000020250000,0x0000000020350000)]
  0x000000001f492800 JavaThread "Attach Listener" daemon [_thread_blocked, id=18292, stack(0x000000001f950000,0x000000001fa50000)]
  0x000000001e087800 JavaThread "Signal Dispatcher" daemon [_thread_blocked, id=17348, stack(0x000000001f850000,0x000000001f950000)]
  0x000000001e05f800 JavaThread "Finalizer" daemon [_thread_blocked, id=1596, stack(0x000000001f2f0000,0x000000001f3f0000)]
  0x0000000002879000 JavaThread "Reference Handler" daemon [_thread_blocked, id=4748, stack(0x000000001f1f0000,0x000000001f2f0000)]
=>0x000000000278b000 JavaThread "main" [_thread_in_vm, id=4824, stack(0x0000000002680000,0x0000000002780000)]

Other Threads:
  0x000000001e037000 VMThread [stack: 0x000000001f0f0000,0x000000001f1f0000] [id=13320]
  0x0000000020191000 WatcherThread [stack: 0x0000000020850000,0x0000000020950000] [id=1716]

VM state:not at safepoint (normal execution)

VM Mutex/Monitor currently owned by a thread: None

Heap:
 PSYoungGen      total 211968K, used 39123K [0x0000000758700000, 0x0000000766d80000, 0x00000007c0000000)
  eden space 199680K, 19% used [0x0000000758700000,0x000000075ad34e10,0x0000000764a00000)
  from space 12288K, 0% used [0x0000000765600000,0x0000000765600000,0x0000000766200000)
  to   space 12288K, 0% used [0x0000000764a00000,0x0000000764a00000,0x0000000765600000)
 ParOldGen       total 186368K, used 16467K [0x0000000689400000, 0x0000000694a00000, 0x0000000758700000)
  object space 186368K, 8% used [0x0000000689400000,0x000000068a414f38,0x0000000694a00000)
 Metaspace       used 37471K, capacity 39328K, committed 39680K, reserved 1083392K
  class space    used 4945K, capacity 5328K, committed 5376K, reserved 1048576K

Card table byte_map: [0x0000000011d70000,0x0000000012730000] byte_map_base: 0x000000000e926000

Marking Bits: (ParMarkBitMap*) 0x000000007073b6d0
 Begin Bits: [0x00000000131b0000, 0x0000000017f60000)
 End Bits:   [0x0000000017f60000, 0x000000001cd10000)

Polling page: 0x0000000000510000

CodeCache: size=245760Kb used=7616Kb max_used=7616Kb free=238144Kb
 bounds [0x00000000029b0000, 0x0000000003130000, 0x00000000119b0000]
 total_blobs=4418 nmethods=3904 adapters=427
 compilation: enabled

Compilation events (10 events):
Event: 17.920 Thread 0x000000001ff1c000 nmethod 3930 0x000000000311e210 code [0x000000000311e360, 0x000000000311e470]
Event: 17.935 Thread 0x000000001ff1c000 3931       1       com.mysql.cj.conf.AbstractRuntimeProperty::getValue (5 bytes)
Event: 17.935 Thread 0x000000001ff1c000 nmethod 3931 0x000000000311e4d0 code [0x000000000311e620, 0x000000000311e730]
Event: 17.952 Thread 0x000000001ff1c000 3932       1       com.mysql.cj.protocol.a.NativeProtocol::getServerSession (5 bytes)
Event: 17.953 Thread 0x000000001ff1c000 nmethod 3932 0x000000000311e990 code [0x000000000311eae0, 0x000000000311ebf0]
Event: 17.956 Thread 0x000000001ff1c000 3933  s    1       sun.security.ssl.SSLSocketImpl::getConnectionState (5 bytes)
Event: 17.957 Thread 0x000000001ff1c000 nmethod 3933 0x000000000311ec50 code [0x000000000311eda0, 0x000000000311f010]
Event: 17.958 Thread 0x000000001ff1c000 3934       1       com.mysql.cj.protocol.a.NativePacketPayload::readInteger (662 bytes)
Event: 17.959 Thread 0x000000001ff1c000 nmethod 3934 0x000000000311f090 code [0x000000000311f280, 0x000000000311fae8]
Event: 17.984 Thread 0x000000001ff1c000 3935       1       sun.misc.ProxyGenerator$ProxyMethod::generateMethod (733 bytes)

GC Heap History (10 events):
Event: 12.865 GC heap before
{Heap before GC invocations=6 (full 1):
 PSYoungGen      total 93184K, used 85312K [0x0000000758700000, 0x0000000761680000, 0x00000007c0000000)
  eden space 79872K, 100% used [0x0000000758700000,0x000000075d500000,0x000000075d500000)
  from space 13312K, 40% used [0x000000075e200000,0x000000075e750388,0x000000075ef00000)
  to   space 13312K, 0% used [0x000000075d500000,0x000000075d500000,0x000000075e200000)
 ParOldGen       total 125952K, used 8610K [0x0000000689400000, 0x0000000690f00000, 0x0000000758700000)
  object space 125952K, 6% used [0x0000000689400000,0x0000000689c68930,0x0000000690f00000)
 Metaspace       used 23651K, capacity 24702K, committed 24832K, reserved 1071104K
  class space    used 3232K, capacity 3491K, committed 3584K, reserved 1048576K
Event: 12.872 GC heap after
Heap after GC invocations=6 (full 1):
 PSYoungGen      total 93184K, used 6206K [0x0000000758700000, 0x0000000761380000, 0x00000007c0000000)
  eden space 79872K, 0% used [0x0000000758700000,0x0000000758700000,0x000000075d500000)
  from space 13312K, 46% used [0x000000075d500000,0x000000075db0f950,0x000000075e200000)
  to   space 10240K, 0% used [0x0000000760980000,0x0000000760980000,0x0000000761380000)
 ParOldGen       total 125952K, used 8618K [0x0000000689400000, 0x0000000690f00000, 0x0000000758700000)
  object space 125952K, 6% used [0x0000000689400000,0x0000000689c6a930,0x0000000690f00000)
 Metaspace       used 23651K, capacity 24702K, committed 24832K, reserved 1071104K
  class space    used 3232K, capacity 3491K, committed 3584K, reserved 1048576K
}
Event: 13.958 GC heap before
{Heap before GC invocations=7 (full 1):
 PSYoungGen      total 93184K, used 86078K [0x0000000758700000, 0x0000000761380000, 0x00000007c0000000)
  eden space 79872K, 100% used [0x0000000758700000,0x000000075d500000,0x000000075d500000)
  from space 13312K, 46% used [0x000000075d500000,0x000000075db0f950,0x000000075e200000)
  to   space 10240K, 0% used [0x0000000760980000,0x0000000760980000,0x0000000761380000)
 ParOldGen       total 125952K, used 8618K [0x0000000689400000, 0x0000000690f00000, 0x0000000758700000)
  object space 125952K, 6% used [0x0000000689400000,0x0000000689c6a930,0x0000000690f00000)
 Metaspace       used 26367K, capacity 27518K, committed 27776K, reserved 1073152K
  class space    used 3626K, capacity 3881K, committed 3968K, reserved 1048576K
Event: 13.972 GC heap after
Heap after GC invocations=7 (full 1):
 PSYoungGen      total 133632K, used 8470K [0x0000000758700000, 0x0000000761700000, 0x00000007c0000000)
  eden space 123392K, 0% used [0x0000000758700000,0x0000000758700000,0x000000075ff80000)
  from space 10240K, 82% used [0x0000000760980000,0x00000007611c5a10,0x0000000761380000)
  to   space 10240K, 0% used [0x000000075ff80000,0x000000075ff80000,0x0000000760980000)
 ParOldGen       total 125952K, used 8626K [0x0000000689400000, 0x0000000690f00000, 0x0000000758700000)
  object space 125952K, 6% used [0x0000000689400000,0x0000000689c6c930,0x0000000690f00000)
 Metaspace       used 26367K, capacity 27518K, committed 27776K, reserved 1073152K
  class space    used 3626K, capacity 3881K, committed 3968K, reserved 1048576K
}
Event: 15.554 GC heap before
{Heap before GC invocations=8 (full 1):
 PSYoungGen      total 133632K, used 131862K [0x0000000758700000, 0x0000000761700000, 0x00000007c0000000)
  eden space 123392K, 100% used [0x0000000758700000,0x000000075ff80000,0x000000075ff80000)
  from space 10240K, 82% used [0x0000000760980000,0x00000007611c5a10,0x0000000761380000)
  to   space 10240K, 0% used [0x000000075ff80000,0x000000075ff80000,0x0000000760980000)
 ParOldGen       total 125952K, used 8626K [0x0000000689400000, 0x0000000690f00000, 0x0000000758700000)
  object space 125952K, 6% used [0x0000000689400000,0x0000000689c6c930,0x0000000690f00000)
 Metaspace       used 31511K, capacity 33292K, committed 33536K, reserved 1079296K
  class space    used 4220K, capacity 4576K, committed 4608K, reserved 1048576K
Event: 15.574 GC heap after
Heap after GC invocations=8 (full 1):
 PSYoungGen      total 133632K, used 10231K [0x0000000758700000, 0x0000000766200000, 0x00000007c0000000)
  eden space 123392K, 0% used [0x0000000758700000,0x0000000758700000,0x000000075ff80000)
  from space 10240K, 99% used [0x000000075ff80000,0x000000076097de60,0x0000000760980000)
  to   space 12288K, 0% used [0x0000000765600000,0x0000000765600000,0x0000000766200000)
 ParOldGen       total 125952K, used 9966K [0x0000000689400000, 0x0000000690f00000, 0x0000000758700000)
  object space 125952K, 7% used [0x0000000689400000,0x0000000689dbba88,0x0000000690f00000)
 Metaspace       used 31511K, capacity 33292K, committed 33536K, reserved 1079296K
  class space    used 4220K, capacity 4576K, committed 4608K, reserved 1048576K
}
Event: 16.348 GC heap before
{Heap before GC invocations=9 (full 1):
 PSYoungGen      total 133632K, used 65849K [0x0000000758700000, 0x0000000766200000, 0x00000007c0000000)
  eden space 123392K, 45% used [0x0000000758700000,0x000000075bd507e8,0x000000075ff80000)
  from space 10240K, 99% used [0x000000075ff80000,0x000000076097de60,0x0000000760980000)
  to   space 12288K, 0% used [0x0000000765600000,0x0000000765600000,0x0000000766200000)
 ParOldGen       total 125952K, used 9966K [0x0000000689400000, 0x0000000690f00000, 0x0000000758700000)
  object space 125952K, 7% used [0x0000000689400000,0x0000000689dbba88,0x0000000690f00000)
 Metaspace       used 33651K, capacity 35444K, committed 35496K, reserved 1079296K
  class space    used 4527K, capacity 4860K, committed 4864K, reserved 1048576K
Event: 16.371 GC heap after
Heap after GC invocations=9 (full 1):
 PSYoungGen      total 211968K, used 9367K [0x0000000758700000, 0x0000000766d80000, 0x00000007c0000000)
  eden space 199680K, 0% used [0x0000000758700000,0x0000000758700000,0x0000000764a00000)
  from space 12288K, 76% used [0x0000000765600000,0x0000000765f25c58,0x0000000766200000)
  to   space 12288K, 0% used [0x0000000764a00000,0x0000000764a00000,0x0000000765600000)
 ParOldGen       total 125952K, used 11806K [0x0000000689400000, 0x0000000690f00000, 0x0000000758700000)
  object space 125952K, 9% used [0x0000000689400000,0x0000000689f87a88,0x0000000690f00000)
 Metaspace       used 33651K, capacity 35444K, committed 35496K, reserved 1079296K
  class space    used 4527K, capacity 4860K, committed 4864K, reserved 1048576K
}
Event: 16.371 GC heap before
{Heap before GC invocations=10 (full 2):
 PSYoungGen      total 211968K, used 9367K [0x0000000758700000, 0x0000000766d80000, 0x00000007c0000000)
  eden space 199680K, 0% used [0x0000000758700000,0x0000000758700000,0x0000000764a00000)
  from space 12288K, 76% used [0x0000000765600000,0x0000000765f25c58,0x0000000766200000)
  to   space 12288K, 0% used [0x0000000764a00000,0x0000000764a00000,0x0000000765600000)
 ParOldGen       total 125952K, used 11806K [0x0000000689400000, 0x0000000690f00000, 0x0000000758700000)
  object space 125952K, 9% used [0x0000000689400000,0x0000000689f87a88,0x0000000690f00000)
 Metaspace       used 33651K, capacity 35444K, committed 35496K, reserved 1079296K
  class space    used 4527K, capacity 4860K, committed 4864K, reserved 1048576K
Event: 16.477 GC heap after
Heap after GC invocations=10 (full 2):
 PSYoungGen      total 211968K, used 0K [0x0000000758700000, 0x0000000766d80000, 0x00000007c0000000)
  eden space 199680K, 0% used [0x0000000758700000,0x0000000758700000,0x0000000764a00000)
  from space 12288K, 0% used [0x0000000765600000,0x0000000765600000,0x0000000766200000)
  to   space 12288K, 0% used [0x0000000764a00000,0x0000000764a00000,0x0000000765600000)
 ParOldGen       total 186368K, used 16467K [0x0000000689400000, 0x0000000694a00000, 0x0000000758700000)
  object space 186368K, 8% used [0x0000000689400000,0x000000068a414f38,0x0000000694a00000)
 Metaspace       used 33651K, capacity 35444K, committed 35496K, reserved 1079296K
  class space    used 4527K, capacity 4860K, committed 4864K, reserved 1048576K
}

Deoptimization events (0 events):
No events

Internal exceptions (10 events):
Event: 16.285 Thread 0x000000000278b000 Implicit null exception at 0x0000000002cfa755 to 0x0000000002cfa9bd
Event: 16.285 Thread 0x000000000278b000 Exception <a 'java/lang/NullPointerException'> (0x000000075b812e28) thrown at [C:\re\workspace\8-2-build-windows-amd64-cygwin\jdk8u121\8372\hotspot\src\share\vm\runtime\sharedRuntime.cpp, line 605]
Event: 16.285 Thread 0x000000000278b000 Implicit null exception at 0x0000000002cfa755 to 0x0000000002cfa9bd
Event: 16.285 Thread 0x000000000278b000 Exception <a 'java/lang/NullPointerException'> (0x000000075b813cb8) thrown at [C:\re\workspace\8-2-build-windows-amd64-cygwin\jdk8u121\8372\hotspot\src\share\vm\runtime\sharedRuntime.cpp, line 605]
Event: 16.285 Thread 0x000000000278b000 Implicit null exception at 0x0000000002cfa755 to 0x0000000002cfa9bd
Event: 16.285 Thread 0x000000000278b000 Exception <a 'java/lang/NullPointerException'> (0x000000075b814b30) thrown at [C:\re\workspace\8-2-build-windows-amd64-cygwin\jdk8u121\8372\hotspot\src\share\vm\runtime\sharedRuntime.cpp, line 605]
Event: 16.285 Thread 0x000000000278b000 Implicit null exception at 0x0000000002cfa755 to 0x0000000002cfa9bd
Event: 16.285 Thread 0x000000000278b000 Exception <a 'java/lang/NullPointerException'> (0x000000075b8160d0) thrown at [C:\re\workspace\8-2-build-windows-amd64-cygwin\jdk8u121\8372\hotspot\src\share\vm\runtime\sharedRuntime.cpp, line 605]
Event: 16.285 Thread 0x000000000278b000 Implicit null exception at 0x0000000002cfa755 to 0x0000000002cfa9bd
Event: 16.285 Thread 0x000000000278b000 Exception <a 'java/lang/NullPointerException'> (0x000000075b816f50) thrown at [C:\re\workspace\8-2-build-windows-amd64-cygwin\jdk8u121\8372\hotspot\src\share\vm\runtime\sharedRuntime.cpp, line 605]

Events (10 events):
Event: 17.983 loading class java/sql/SQLWarning
Event: 17.983 loading class java/sql/SQLWarning done
Event: 17.984 Executing VM operation: ForceSafepoint
Event: 17.985 Executing VM operation: ForceSafepoint done
Event: 17.987 loading class org/apache/ibatis/session/defaults/DefaultSqlSessionFactory
Event: 17.987 loading class org/apache/ibatis/session/defaults/DefaultSqlSessionFactory done
Event: 17.989 loading class com/baomidou/mybatisplus/core/toolkit/sql/SqlHelper
Event: 17.989 loading class com/baomidou/mybatisplus/core/toolkit/sql/SqlHelper done
Event: 17.991 loading class org/apache/ibatis/builder/xml/XMLMapperBuilder
Event: 17.991 loading class org/apache/ibatis/builder/xml/XMLMapperBuilder done


Dynamic libraries:
0x00007ff740ca0000 - 0x00007ff740cd7000 	D:\DevelopTool\jdk8\bin\java.exe
0x00007ffc49ea0000 - 0x00007ffc4a08d000 	C:\Windows\SYSTEM32\ntdll.dll
0x00007ffc498f0000 - 0x00007ffc499a3000 	C:\Windows\System32\KERNEL32.DLL
0x00007ffc461e0000 - 0x00007ffc46473000 	C:\Windows\System32\KERNELBASE.dll
0x00007ffc47540000 - 0x00007ffc475e3000 	C:\Windows\System32\ADVAPI32.dll
0x00007ffc475f0000 - 0x00007ffc4768e000 	C:\Windows\System32\msvcrt.dll
0x00007ffc48f20000 - 0x00007ffc48fbe000 	C:\Windows\System32\sechost.dll
0x00007ffc496a0000 - 0x00007ffc497c2000 	C:\Windows\System32\RPCRT4.dll
0x00007ffc49500000 - 0x00007ffc49697000 	C:\Windows\System32\USER32.dll
0x00007ffc464b0000 - 0x00007ffc464d0000 	C:\Windows\System32\win32u.dll
0x00007ffc49d30000 - 0x00007ffc49d59000 	C:\Windows\System32\GDI32.dll
0x00007ffc466d0000 - 0x00007ffc46869000 	C:\Windows\System32\gdi32full.dll
0x00007ffc45fb0000 - 0x00007ffc46050000 	C:\Windows\System32\msvcp_win.dll
0x00007ffc46fc0000 - 0x00007ffc470ba000 	C:\Windows\System32\ucrtbase.dll
0x00007ffc39660000 - 0x00007ffc398d9000 	C:\Windows\WinSxS\amd64_microsoft.windows.common-controls_6595b64144ccf1df_6.0.17763.737_none_05b6437c071e554b\COMCTL32.dll
0x00007ffc491d0000 - 0x00007ffc494fc000 	C:\Windows\System32\combase.dll
0x00007ffc46100000 - 0x00007ffc4617e000 	C:\Windows\System32\bcryptPrimitives.dll
0x00007ffc49840000 - 0x00007ffc4986e000 	C:\Windows\System32\IMM32.DLL
0x00000000707c0000 - 0x0000000070892000 	D:\DevelopTool\jdk8\jre\bin\msvcr100.dll
0x000000006ff20000 - 0x00000000707bb000 	D:\DevelopTool\jdk8\jre\bin\server\jvm.dll
0x00007ffc490f0000 - 0x00007ffc490f8000 	C:\Windows\System32\PSAPI.DLL
0x00007ffc43ff0000 - 0x00007ffc43ff9000 	C:\Windows\SYSTEM32\WSOCK32.dll
0x00007ffc43b60000 - 0x00007ffc43b84000 	C:\Windows\SYSTEM32\WINMM.dll
0x00007ffc497d0000 - 0x00007ffc4983d000 	C:\Windows\System32\WS2_32.dll
0x00007ffc417c0000 - 0x00007ffc417ca000 	C:\Windows\SYSTEM32\VERSION.dll
0x00007ffc43ae0000 - 0x00007ffc43b0d000 	C:\Windows\SYSTEM32\WINMMBASE.dll
0x00007ffc45f60000 - 0x00007ffc45faa000 	C:\Windows\System32\cfgmgr32.dll
0x000000006ff10000 - 0x000000006ff1f000 	D:\DevelopTool\jdk8\jre\bin\verify.dll
0x000000006fee0000 - 0x000000006ff09000 	D:\DevelopTool\jdk8\jre\bin\java.dll
0x000000006f7b0000 - 0x000000006f7d3000 	D:\DevelopTool\jdk8\jre\bin\instrument.dll
0x000000006fec0000 - 0x000000006fed6000 	D:\DevelopTool\jdk8\jre\bin\zip.dll
0x00007ffc47850000 - 0x00007ffc48d42000 	C:\Windows\System32\SHELL32.dll
0x00007ffc49d60000 - 0x00007ffc49e08000 	C:\Windows\System32\shcore.dll
0x00007ffc46870000 - 0x00007ffc46fba000 	C:\Windows\System32\windows.storage.dll
0x00007ffc45ef0000 - 0x00007ffc45f14000 	C:\Windows\System32\profapi.dll
0x00007ffc45e90000 - 0x00007ffc45eed000 	C:\Windows\System32\powrprof.dll
0x00007ffc48ec0000 - 0x00007ffc48f12000 	C:\Windows\System32\shlwapi.dll
0x00007ffc45f20000 - 0x00007ffc45f31000 	C:\Windows\System32\kernel.appcore.dll
0x00007ffc466b0000 - 0x00007ffc466c7000 	C:\Windows\System32\cryptsp.dll
0x00007ffc2b580000 - 0x00007ffc2b59a000 	D:\DevelopTool\idea\bin\breakgen64.dll
0x000000006fe90000 - 0x000000006feaa000 	D:\DevelopTool\jdk8\jre\bin\net.dll
0x00007ffc45700000 - 0x00007ffc45767000 	C:\Windows\system32\mswsock.dll
0x00007ffc45460000 - 0x00007ffc45526000 	C:\Windows\SYSTEM32\DNSAPI.dll
0x00007ffc47840000 - 0x00007ffc47848000 	C:\Windows\System32\NSI.dll
0x00007ffc45420000 - 0x00007ffc4545d000 	C:\Windows\SYSTEM32\IPHLPAPI.DLL
0x00007ffc3f0f0000 - 0x00007ffc3f0fa000 	C:\Windows\System32\rasadhlp.dll
0x00007ffc3bca0000 - 0x00007ffc3bd19000 	C:\Windows\System32\fwpuclnt.dll
0x00007ffc46480000 - 0x00007ffc464a6000 	C:\Windows\System32\bcrypt.dll
0x000000006feb0000 - 0x000000006febd000 	D:\DevelopTool\jdk8\jre\bin\management.dll
0x000000006fe70000 - 0x000000006fe81000 	D:\DevelopTool\jdk8\jre\bin\nio.dll
0x00007ffc45280000 - 0x00007ffc452b3000 	C:\Windows\system32\rsaenh.dll
0x00007ffc45d90000 - 0x00007ffc45db8000 	C:\Windows\SYSTEM32\USERENV.dll
0x00007ffc458d0000 - 0x00007ffc458dc000 	C:\Windows\SYSTEM32\CRYPTBASE.dll
0x00007ffc3f1d0000 - 0x00007ffc3f1e6000 	C:\Windows\SYSTEM32\dhcpcsvc6.DLL
0x00007ffc3f1b0000 - 0x00007ffc3f1cc000 	C:\Windows\SYSTEM32\dhcpcsvc.DLL
0x00007ffc30c30000 - 0x00007ffc30c46000 	C:\Windows\system32\napinsp.dll
0x00007ffc30c10000 - 0x00007ffc30c2a000 	C:\Windows\system32\pnrpnsp.dll
0x00007ffc314b0000 - 0x00007ffc314be000 	C:\Windows\System32\winrnr.dll
0x00007ffc426f0000 - 0x00007ffc4270b000 	C:\Windows\system32\NLAapi.dll
0x00007ffc30b40000 - 0x00007ffc30b55000 	C:\Windows\system32\wshbth.dll
0x000000006fe40000 - 0x000000006fe64000 	D:\DevelopTool\jdk8\jre\bin\sunec.dll
0x000000006f7a0000 - 0x000000006f7ab000 	D:\DevelopTool\jdk8\jre\bin\sunmscapi.dll
0x00007ffc464d0000 - 0x00007ffc466ab000 	C:\Windows\System32\CRYPT32.dll
0x00007ffc45f40000 - 0x00007ffc45f52000 	C:\Windows\System32\MSASN1.dll

VM Arguments:
jvm_args: -XX:TieredStopAtLevel=1 -Xverify:none -Dspring.output.ansi.enabled=always -Dcom.sun.management.jmxremote -Dspring.jmx.enabled=true -Dspring.liveBeansView.mbeanDomain -Dspring.application.admin.enabled=true -javaagent:D:\DevelopTool\idea\lib\idea_rt.jar=53305:D:\DevelopTool\idea\bin -Dfile.encoding=UTF-8 
java_command: com.lcc.educenter.UCenterApplication
java_class_path (initial): D:\DevelopTool\jdk8\jre\lib\charsets.jar;D:\DevelopTool\jdk8\jre\lib\deploy.jar;D:\DevelopTool\jdk8\jre\lib\ext\access-bridge-64.jar;D:\DevelopTool\jdk8\jre\lib\ext\cldrdata.jar;D:\DevelopTool\jdk8\jre\lib\ext\dnsns.jar;D:\DevelopTool\jdk8\jre\lib\ext\jaccess.jar;D:\DevelopTool\jdk8\jre\lib\ext\jfxrt.jar;D:\DevelopTool\jdk8\jre\lib\ext\localedata.jar;D:\DevelopTool\jdk8\jre\lib\ext\nashorn.jar;D:\DevelopTool\jdk8\jre\lib\ext\sunec.jar;D:\DevelopTool\jdk8\jre\lib\ext\sunjce_provider.jar;D:\DevelopTool\jdk8\jre\lib\ext\sunmscapi.jar;D:\DevelopTool\jdk8\jre\lib\ext\sunpkcs11.jar;D:\DevelopTool\jdk8\jre\lib\ext\zipfs.jar;D:\DevelopTool\jdk8\jre\lib\javaws.jar;D:\DevelopTool\jdk8\jre\lib\jce.jar;D:\DevelopTool\jdk8\jre\lib\jfr.jar;D:\DevelopTool\jdk8\jre\lib\jfxswt.jar;D:\DevelopTool\jdk8\jre\lib\jsse.jar;D:\DevelopTool\jdk8\jre\lib\management-agent.jar;D:\DevelopTool\jdk8\jre\lib\plugin.jar;D:\DevelopTool\jdk8\jre\lib\resources.jar;D:\DevelopTool\jdk8\jre\lib\rt.jar;D:\JavaWorkpace\ideaproject\online_education_master\service\service_ucenter\target\classes;D:\JavaWorkpace\ideaproject\online_education_master\common\service_base\target\classes;D:\JavaWorkpace\ideaproject\online_education_master\common\common_utils\target\classes;D:\mavenrepository\repository\io\jsonwebtoken\jjwt\0.7.0\jjwt-0.7.0.jar;D:\mavenrepository\repository\org\springframework\boot\spring-boot-starter-data-redis\2.2.1.RELEASE\spring-boot-starter-data-redis-2.2.1.RELEASE.jar;D:\mavenrepository\repository\org\springframework\data\spring-data-redis\2.2.1.RELEASE\spring-data-redis-2.2.1.RELEASE.jar;D:\mavenrepository\repository\org\springframework\data\spring-data-keyvalue\2.2.1.RELEASE\spring-data-keyvalue-2.2.1.RELEASE.jar;D:\mavenrepository\repository\org\springframework\data\spring-data-commons\2.2.1.RELEASE\spring-data-commons-2.2.1.RELEASE.jar;D:\mavenrepository\repository\org\springframework\spring-tx\5.2.1.RELEASE\spring-tx-5.2.1.RELEASE.jar;D:\mavenrepository\reposito
Launcher Type: SUN_STANDARD

Environment Variables:
JAVA_HOME=D:\DevelopTool\jdk8
CLASSPATH=D:\weaverworkpace\Resin\lib\resin.jar;.;D:\DevelopTool\jdk8\lib\dt.jar;D:\DevelopTool\jdk8\lib\tools.jar
PATH=C:\Windows\system32;C:\Windows;C:\Windows\System32\Wbem;C:\Windows\System32\WindowsPowerShell\v1.0\;C:\Windows\System32\OpenSSH\;D:\DevelopTool\jdk8\bin;D:\DevelopTool\jdk8\jre\bin;";D:\DevelopTool\mysql-5.7.30-winx64\bin";D:\DevelopTool\svn\bin;D:\DevelopTool\sqlserver\sharex86\100\Tools\Binn\;D:\DevelopTool\sqlserver\share\100\Tools\Binn\;D:\DevelopTool\sqlserver\share\100\DTS\Binn\;D:\DevelopTool\sqlserver\sharex86\100\Tools\Binn\VSShell\Common7\IDE\;C:\Program Files (x86)\Microsoft Visual Studio 9.0\Common7\IDE\PrivateAssemblies\;D:\DevelopTool\sqlserver\sharex86\100\DTS\Binn\;D:\DevelopTool\git\Git\cmd;D:\DevelopTool\node\;C:\Users\Administrator\AppData\Local\Microsoft\WindowsApps;;D:\DevelopTool\vscode\bin;C:\Users\Administrator\AppData\Roaming\npm
USERNAME=Administrator
OS=Windows_NT
PROCESSOR_IDENTIFIER=AMD64 Family 21 Model 101 Stepping 1, AuthenticAMD



---------------  S Y S T E M  ---------------

OS: Windows 10.0 , 64 bit Build 17763 (10.0.17763.475)

CPU:total 4 (4 cores per cpu, 1 threads per core) family 21 model 101 stepping 1, cmov, cx8, fxsr, mmx, sse, sse2, sse3, ssse3, sse4.1, sse4.2, popcnt, avx, avx2, aes, clmul, mmxext, 3dnowpref, lzcnt, sse4a, tsc, tscinvbit, tscinv, bmi1

Memory: 4k page, physical 20362216k(8978284k free), swap 21410792k(2124k free)

vm_info: Java HotSpot(TM) 64-Bit Server VM (25.121-b13) for windows-amd64 JRE (1.8.0_121-b13), built on Dec 12 2016 18:21:36 by "java_re" with MS VC++ 10.0 (VS2010)

time: Mon Aug 31 17:42:31 2020
elapsed time: 18 seconds (0d 0h 0m 18s)

